180106 17:21:27 [Note] Plugin 'FEDERATED' is disabled.
180106 17:21:27 InnoDB: The InnoDB memory heap is disabled
180106 17:21:27 InnoDB: Mutexes and rw_locks use Windows interlocked functions
180106 17:21:27 InnoDB: Compressed tables use zlib 1.2.3
180106 17:21:27 InnoDB: Initializing buffer pool, size = 128.0M
180106 17:21:27 InnoDB: Completed initialization of buffer pool
InnoDB: The first specified data file D:\Coffee_2018\USBWebserver v8.5\8.5\mysql\data\ibdata1 did not exist:
InnoDB: a new database to be created!
180106 17:21:27  InnoDB: Setting file D:\Coffee_2018\USBWebserver v8.5\8.5\mysql\data\ibdata1 size to 10 MB
InnoDB: Database physically writes the file full: wait...
180106 17:21:28  InnoDB: Log file D:\Coffee_2018\USBWebserver v8.5\8.5\mysql\data\ib_logfile0 did not exist: new to be created
InnoDB: Setting log file D:\Coffee_2018\USBWebserver v8.5\8.5\mysql\data\ib_logfile0 size to 5 MB
InnoDB: Database physically writes the file full: wait...
180106 17:21:28  InnoDB: Log file D:\Coffee_2018\USBWebserver v8.5\8.5\mysql\data\ib_logfile1 did not exist: new to be created
InnoDB: Setting log file D:\Coffee_2018\USBWebserver v8.5\8.5\mysql\data\ib_logfile1 size to 5 MB
InnoDB: Database physically writes the file full: wait...
InnoDB: Doublewrite buffer not found: creating new
InnoDB: Doublewrite buffer created
InnoDB: 127 rollback segment(s) active.
InnoDB: Creating foreign key constraint system tables
InnoDB: Foreign key constraint system tables created
180106 17:21:30  InnoDB: Waiting for the background threads to start
180106 17:21:31 InnoDB: 1.1.8 started; log sequence number 0
180106 17:21:44 [Note] Plugin 'FEDERATED' is disabled.
180106 17:21:44 InnoDB: The InnoDB memory heap is disabled
180106 17:21:44 InnoDB: Mutexes and rw_locks use Windows interlocked functions
180106 17:21:44 InnoDB: Compressed tables use zlib 1.2.3
180106 17:21:44 InnoDB: Initializing buffer pool, size = 128.0M
180106 17:21:44 InnoDB: Completed initialization of buffer pool
180106 17:21:44 InnoDB: highest supported file format is Barracuda.
InnoDB: The log sequence number in ibdata files does not match
InnoDB: the log sequence number in the ib_logfiles!
180106 17:21:44  InnoDB: Database was not shut down normally!
InnoDB: Starting crash recovery.
InnoDB: Reading tablespace information from the .ibd files...
InnoDB: Restoring possible half-written data pages from the doublewrite
InnoDB: buffer...
180106 17:21:44  InnoDB: Waiting for the background threads to start
180106 17:21:45 InnoDB: 1.1.8 started; log sequence number 1595675
180107  0:48:13 [Note] Plugin 'FEDERATED' is disabled.
180107  0:48:13 InnoDB: The InnoDB memory heap is disabled
180107  0:48:13 InnoDB: Mutexes and rw_locks use Windows interlocked functions
180107  0:48:13 InnoDB: Compressed tables use zlib 1.2.3
180107  0:48:13 InnoDB: Initializing buffer pool, size = 128.0M
180107  0:48:13 InnoDB: Completed initialization of buffer pool
180107  0:48:13 InnoDB: highest supported file format is Barracuda.
InnoDB: The log sequence number in ibdata files does not match
InnoDB: the log sequence number in the ib_logfiles!
180107  0:48:13  InnoDB: Database was not shut down normally!
InnoDB: Starting crash recovery.
InnoDB: Reading tablespace information from the .ibd files...
InnoDB: Restoring possible half-written data pages from the doublewrite
InnoDB: buffer...
180107  0:48:15  InnoDB: Waiting for the background threads to start
180107  0:48:16 InnoDB: 1.1.8 started; log sequence number 1595675
180107  0:48:16 [ERROR] Can't start server: Bind on TCP/IP port: No such file or directory
180107  0:48:16 [ERROR] Do you already have another mysqld server running on port: 3307 ?
180107  0:48:16 [ERROR] Aborting

180107  0:48:16  InnoDB: Starting shutdown...
180107  0:48:16  InnoDB: Shutdown completed; log sequence number 1595675
180107  0:48:16 [Note] D:\Coffee_2018\USBWebserver v8.5\8.5/mysql/bin/mysqld_usbwv8.exe: Shutdown complete

180107 13:46:36 [Note] Plugin 'FEDERATED' is disabled.
180107 13:46:36 InnoDB: The InnoDB memory heap is disabled
180107 13:46:36 InnoDB: Mutexes and rw_locks use Windows interlocked functions
180107 13:46:36 InnoDB: Compressed tables use zlib 1.2.3
180107 13:46:37 InnoDB: Initializing buffer pool, size = 128.0M
180107 13:46:37 InnoDB: Completed initialization of buffer pool
180107 13:46:37 InnoDB: highest supported file format is Barracuda.
180107 13:46:37  InnoDB: Waiting for the background threads to start
180107 13:46:38 InnoDB: 1.1.8 started; log sequence number 1595675
180107 13:47:25 [Note] Plugin 'FEDERATED' is disabled.
180107 13:47:25 InnoDB: The InnoDB memory heap is disabled
180107 13:47:25 InnoDB: Mutexes and rw_locks use Windows interlocked functions
180107 13:47:25 InnoDB: Compressed tables use zlib 1.2.3
180107 13:47:25 InnoDB: Initializing buffer pool, size = 128.0M
180107 13:47:25 InnoDB: Completed initialization of buffer pool
180107 13:47:25 InnoDB: highest supported file format is Barracuda.
180107 13:47:25  InnoDB: Waiting for the background threads to start
180107 13:47:26 InnoDB: 1.1.8 started; log sequence number 1595675
180107 13:50:22 [Note] Plugin 'FEDERATED' is disabled.
180107 13:50:22 InnoDB: The InnoDB memory heap is disabled
180107 13:50:22 InnoDB: Mutexes and rw_locks use Windows interlocked functions
180107 13:50:22 InnoDB: Compressed tables use zlib 1.2.3
180107 13:50:22 InnoDB: Initializing buffer pool, size = 128.0M
180107 13:50:22 InnoDB: Completed initialization of buffer pool
180107 13:50:22 InnoDB: highest supported file format is Barracuda.
180107 13:50:23  InnoDB: Waiting for the background threads to start
180107 13:50:24 InnoDB: 1.1.8 started; log sequence number 1595675
180107 13:53:07 [Note] Plugin 'FEDERATED' is disabled.
180107 13:53:07 InnoDB: The InnoDB memory heap is disabled
180107 13:53:07 InnoDB: Mutexes and rw_locks use Windows interlocked functions
180107 13:53:07 InnoDB: Compressed tables use zlib 1.2.3
180107 13:53:07 InnoDB: Initializing buffer pool, size = 128.0M
180107 13:53:07 InnoDB: Completed initialization of buffer pool
180107 13:53:07 InnoDB: highest supported file format is Barracuda.
180107 13:53:07  InnoDB: Waiting for the background threads to start
180107 13:53:08 InnoDB: 1.1.8 started; log sequence number 1595675
180107 14:03:00 [Note] Plugin 'FEDERATED' is disabled.
180107 14:03:00 InnoDB: The InnoDB memory heap is disabled
180107 14:03:00 InnoDB: Mutexes and rw_locks use Windows interlocked functions
180107 14:03:00 InnoDB: Compressed tables use zlib 1.2.3
180107 14:03:00 InnoDB: Initializing buffer pool, size = 128.0M
180107 14:03:00 InnoDB: Completed initialization of buffer pool
180107 14:03:00 InnoDB: highest supported file format is Barracuda.
InnoDB: The log sequence number in ibdata files does not match
InnoDB: the log sequence number in the ib_logfiles!
180107 14:03:00  InnoDB: Database was not shut down normally!
InnoDB: Starting crash recovery.
InnoDB: Reading tablespace information from the .ibd files...
InnoDB: Restoring possible half-written data pages from the doublewrite
InnoDB: buffer...
180107 14:03:01  InnoDB: Waiting for the background threads to start
180107 14:03:02 InnoDB: 1.1.8 started; log sequence number 1750248
180107 14:12:26 [Note] Plugin 'FEDERATED' is disabled.
180107 14:12:26 InnoDB: The InnoDB memory heap is disabled
180107 14:12:26 InnoDB: Mutexes and rw_locks use Windows interlocked functions
180107 14:12:26 InnoDB: Compressed tables use zlib 1.2.3
180107 14:12:26 InnoDB: Initializing buffer pool, size = 128.0M
180107 14:12:26 InnoDB: Completed initialization of buffer pool
180107 14:12:26 InnoDB: highest supported file format is Barracuda.
InnoDB: The log sequence number in ibdata files does not match
InnoDB: the log sequence number in the ib_logfiles!
180107 14:12:26  InnoDB: Database was not shut down normally!
InnoDB: Starting crash recovery.
InnoDB: Reading tablespace information from the .ibd files...
InnoDB: Restoring possible half-written data pages from the doublewrite
InnoDB: buffer...
180107 14:12:27  InnoDB: Waiting for the background threads to start
180107 14:12:28 InnoDB: 1.1.8 started; log sequence number 1801180
180107 15:42:43 [Note] Plugin 'FEDERATED' is disabled.
180107 15:42:43 InnoDB: The InnoDB memory heap is disabled
180107 15:42:43 InnoDB: Mutexes and rw_locks use Windows interlocked functions
180107 15:42:43 InnoDB: Compressed tables use zlib 1.2.3
180107 15:42:43 InnoDB: Initializing buffer pool, size = 128.0M
180107 15:42:43 InnoDB: Completed initialization of buffer pool
180107 15:42:44 InnoDB: highest supported file format is Barracuda.
InnoDB: The log sequence number in ibdata files does not match
InnoDB: the log sequence number in the ib_logfiles!
180107 15:42:44  InnoDB: Database was not shut down normally!
InnoDB: Starting crash recovery.
InnoDB: Reading tablespace information from the .ibd files...
InnoDB: Restoring possible half-written data pages from the doublewrite
InnoDB: buffer...
180107 15:42:45  InnoDB: Waiting for the background threads to start
180107 15:42:46 InnoDB: 1.1.8 started; log sequence number 3213751
180108 22:40:32 [Note] Plugin 'FEDERATED' is disabled.
180108 22:40:32 InnoDB: The InnoDB memory heap is disabled
180108 22:40:32 InnoDB: Mutexes and rw_locks use Windows interlocked functions
180108 22:40:32 InnoDB: Compressed tables use zlib 1.2.3
180108 22:40:32 InnoDB: Initializing buffer pool, size = 128.0M
180108 22:40:32 InnoDB: Completed initialization of buffer pool
180108 22:40:32 InnoDB: highest supported file format is Barracuda.
InnoDB: The log sequence number in ibdata files does not match
InnoDB: the log sequence number in the ib_logfiles!
180108 22:40:32  InnoDB: Database was not shut down normally!
InnoDB: Starting crash recovery.
InnoDB: Reading tablespace information from the .ibd files...
InnoDB: Restoring possible half-written data pages from the doublewrite
InnoDB: buffer...
180108 22:40:34  InnoDB: Waiting for the background threads to start
180108 22:40:35 InnoDB: 1.1.8 started; log sequence number 3247431
180112 21:41:49 [Note] Plugin 'FEDERATED' is disabled.
180112 21:41:49 InnoDB: The InnoDB memory heap is disabled
180112 21:41:49 InnoDB: Mutexes and rw_locks use Windows interlocked functions
180112 21:41:49 InnoDB: Compressed tables use zlib 1.2.3
180112 21:41:49 InnoDB: Initializing buffer pool, size = 128.0M
180112 21:41:49 InnoDB: Completed initialization of buffer pool
180112 21:41:50 InnoDB: highest supported file format is Barracuda.
InnoDB: The log sequence number in ibdata files does not match
InnoDB: the log sequence number in the ib_logfiles!
180112 21:41:50  InnoDB: Database was not shut down normally!
InnoDB: Starting crash recovery.
InnoDB: Reading tablespace information from the .ibd files...
InnoDB: Restoring possible half-written data pages from the doublewrite
InnoDB: buffer...
180112 21:41:51  InnoDB: Waiting for the background threads to start
180112 21:41:52 InnoDB: 1.1.8 started; log sequence number 3345467
180113 21:43:00 [Note] Plugin 'FEDERATED' is disabled.
180113 21:43:00 InnoDB: The InnoDB memory heap is disabled
180113 21:43:00 InnoDB: Mutexes and rw_locks use Windows interlocked functions
180113 21:43:00 InnoDB: Compressed tables use zlib 1.2.3
180113 21:43:00 InnoDB: Initializing buffer pool, size = 128.0M
180113 21:43:00 InnoDB: Completed initialization of buffer pool
180113 21:43:02 InnoDB: highest supported file format is Barracuda.
InnoDB: The log sequence number in ibdata files does not match
InnoDB: the log sequence number in the ib_logfiles!
180113 21:43:02  InnoDB: Database was not shut down normally!
InnoDB: Starting crash recovery.
InnoDB: Reading tablespace information from the .ibd files...
InnoDB: Restoring possible half-written data pages from the doublewrite
InnoDB: buffer...
180113 21:43:12  InnoDB: Waiting for the background threads to start
180113 21:43:13 InnoDB: 1.1.8 started; log sequence number 3345467
180113 21:45:29 [Note] Plugin 'FEDERATED' is disabled.
180113 21:45:29 InnoDB: The InnoDB memory heap is disabled
180113 21:45:29 InnoDB: Mutexes and rw_locks use Windows interlocked functions
180113 21:45:29 InnoDB: Compressed tables use zlib 1.2.3
180113 21:45:29 InnoDB: Initializing buffer pool, size = 128.0M
180113 21:45:29 InnoDB: Completed initialization of buffer pool
180113 21:45:29 InnoDB: highest supported file format is Barracuda.
InnoDB: The log sequence number in ibdata files does not match
InnoDB: the log sequence number in the ib_logfiles!
180113 21:45:29  InnoDB: Database was not shut down normally!
InnoDB: Starting crash recovery.
InnoDB: Reading tablespace information from the .ibd files...
InnoDB: Restoring possible half-written data pages from the doublewrite
InnoDB: buffer...
180113 21:45:31  InnoDB: Waiting for the background threads to start
180113 21:45:32 InnoDB: 1.1.8 started; log sequence number 3345467
180113 21:47:26 [Note] Plugin 'FEDERATED' is disabled.
180113 21:47:26 InnoDB: The InnoDB memory heap is disabled
180113 21:47:26 InnoDB: Mutexes and rw_locks use Windows interlocked functions
180113 21:47:26 InnoDB: Compressed tables use zlib 1.2.3
180113 21:47:26 InnoDB: Initializing buffer pool, size = 128.0M
180113 21:47:26 InnoDB: Completed initialization of buffer pool
180113 21:47:26 InnoDB: highest supported file format is Barracuda.
InnoDB: The log sequence number in ibdata files does not match
InnoDB: the log sequence number in the ib_logfiles!
180113 21:47:26  InnoDB: Database was not shut down normally!
InnoDB: Starting crash recovery.
InnoDB: Reading tablespace information from the .ibd files...
InnoDB: Restoring possible half-written data pages from the doublewrite
InnoDB: buffer...
180113 21:47:27  InnoDB: Waiting for the background threads to start
180113 21:47:28 InnoDB: 1.1.8 started; log sequence number 3345467
180113 21:48:09 [Note] Plugin 'FEDERATED' is disabled.
180113 21:48:09 InnoDB: The InnoDB memory heap is disabled
180113 21:48:09 InnoDB: Mutexes and rw_locks use Windows interlocked functions
180113 21:48:09 InnoDB: Compressed tables use zlib 1.2.3
180113 21:48:09 InnoDB: Initializing buffer pool, size = 128.0M
180113 21:48:09 InnoDB: Completed initialization of buffer pool
180113 21:48:09 InnoDB: highest supported file format is Barracuda.
InnoDB: The log sequence number in ibdata files does not match
InnoDB: the log sequence number in the ib_logfiles!
180113 21:48:09  InnoDB: Database was not shut down normally!
InnoDB: Starting crash recovery.
InnoDB: Reading tablespace information from the .ibd files...
InnoDB: Restoring possible half-written data pages from the doublewrite
InnoDB: buffer...
180113 21:48:11  InnoDB: Waiting for the background threads to start
180113 21:48:12 InnoDB: 1.1.8 started; log sequence number 3345467
180113 21:51:02 [Note] Plugin 'FEDERATED' is disabled.
180113 21:51:02 InnoDB: The InnoDB memory heap is disabled
180113 21:51:02 InnoDB: Mutexes and rw_locks use Windows interlocked functions
180113 21:51:02 InnoDB: Compressed tables use zlib 1.2.3
180113 21:51:02 InnoDB: Initializing buffer pool, size = 128.0M
180113 21:51:02 InnoDB: Completed initialization of buffer pool
180113 21:51:02  InnoDB: Operating system error number 32 in a file operation.
InnoDB: The error means that another program is using InnoDB's files.
InnoDB: This might be a backup or antivirus software or another instance
InnoDB: of MySQL. Please close it to get rid of this error.
180113 21:51:12  InnoDB: Operating system error number 32 in a file operation.
InnoDB: The error means that another program is using InnoDB's files.
InnoDB: This might be a backup or antivirus software or another instance
InnoDB: of MySQL. Please close it to get rid of this error.
180113 21:51:22  InnoDB: Operating system error number 32 in a file operation.
InnoDB: The error means that another program is using InnoDB's files.
InnoDB: This might be a backup or antivirus software or another instance
InnoDB: of MySQL. Please close it to get rid of this error.
180113 21:51:32  InnoDB: Operating system error number 32 in a file operation.
InnoDB: The error means that another program is using InnoDB's files.
InnoDB: This might be a backup or antivirus software or another instance
InnoDB: of MySQL. Please close it to get rid of this error.
180113 21:51:49 [Note] Plugin 'FEDERATED' is disabled.
180113 21:51:49 InnoDB: The InnoDB memory heap is disabled
180113 21:51:49 InnoDB: Mutexes and rw_locks use Windows interlocked functions
180113 21:51:49 InnoDB: Compressed tables use zlib 1.2.3
180113 21:51:49 InnoDB: Initializing buffer pool, size = 128.0M
180113 21:51:49 InnoDB: Completed initialization of buffer pool
180113 21:51:49 InnoDB: highest supported file format is Barracuda.
InnoDB: The log sequence number in ibdata files does not match
InnoDB: the log sequence number in the ib_logfiles!
180113 21:51:49  InnoDB: Database was not shut down normally!
InnoDB: Starting crash recovery.
InnoDB: Reading tablespace information from the .ibd files...
InnoDB: Restoring possible half-written data pages from the doublewrite
InnoDB: buffer...
180113 21:51:50  InnoDB: Waiting for the background threads to start
180113 21:51:51 InnoDB: 1.1.8 started; log sequence number 3345467
180113 21:56:49 [Note] Plugin 'FEDERATED' is disabled.
180113 21:56:49 InnoDB: The InnoDB memory heap is disabled
180113 21:56:49 InnoDB: Mutexes and rw_locks use Windows interlocked functions
180113 21:56:49 InnoDB: Compressed tables use zlib 1.2.3
180113 21:56:49 InnoDB: Initializing buffer pool, size = 128.0M
180113 21:56:49 InnoDB: Completed initialization of buffer pool
180113 21:56:49 InnoDB: highest supported file format is Barracuda.
InnoDB: The log sequence number in ibdata files does not match
InnoDB: the log sequence number in the ib_logfiles!
180113 21:56:49  InnoDB: Database was not shut down normally!
InnoDB: Starting crash recovery.
InnoDB: Reading tablespace information from the .ibd files...
InnoDB: Restoring possible half-written data pages from the doublewrite
InnoDB: buffer...
180113 21:56:51  InnoDB: Waiting for the background threads to start
180113 21:56:52 InnoDB: 1.1.8 started; log sequence number 3345467
180113 21:58:37 [Note] Plugin 'FEDERATED' is disabled.
180113 21:58:37 InnoDB: The InnoDB memory heap is disabled
180113 21:58:37 InnoDB: Mutexes and rw_locks use Windows interlocked functions
180113 21:58:37 InnoDB: Compressed tables use zlib 1.2.3
180113 21:58:37 InnoDB: Initializing buffer pool, size = 128.0M
180113 21:58:37 InnoDB: Completed initialization of buffer pool
180113 21:58:37  InnoDB: Operating system error number 32 in a file operation.
InnoDB: The error means that another program is using InnoDB's files.
InnoDB: This might be a backup or antivirus software or another instance
InnoDB: of MySQL. Please close it to get rid of this error.
180113 21:58:47  InnoDB: Operating system error number 32 in a file operation.
InnoDB: The error means that another program is using InnoDB's files.
InnoDB: This might be a backup or antivirus software or another instance
InnoDB: of MySQL. Please close it to get rid of this error.
180113 21:58:57  InnoDB: Operating system error number 32 in a file operation.
InnoDB: The error means that another program is using InnoDB's files.
InnoDB: This might be a backup or antivirus software or another instance
InnoDB: of MySQL. Please close it to get rid of this error.
180113 21:59:07  InnoDB: Operating system error number 32 in a file operation.
InnoDB: The error means that another program is using InnoDB's files.
InnoDB: This might be a backup or antivirus software or another instance
InnoDB: of MySQL. Please close it to get rid of this error.
180113 21:59:17  InnoDB: Operating system error number 32 in a file operation.
InnoDB: The error means that another program is using InnoDB's files.
InnoDB: This might be a backup or antivirus software or another instance
InnoDB: of MySQL. Please close it to get rid of this error.
180113 21:59:27  InnoDB: Operating system error number 32 in a file operation.
InnoDB: The error means that another program is using InnoDB's files.
InnoDB: This might be a backup or antivirus software or another instance
InnoDB: of MySQL. Please close it to get rid of this error.
180113 21:59:37  InnoDB: Operating system error number 32 in a file operation.
InnoDB: The error means that another program is using InnoDB's files.
InnoDB: This might be a backup or antivirus software or another instance
InnoDB: of MySQL. Please close it to get rid of this error.
180113 21:59:47  InnoDB: Operating system error number 32 in a file operation.
InnoDB: The error means that another program is using InnoDB's files.
InnoDB: This might be a backup or antivirus software or another instance
InnoDB: of MySQL. Please close it to get rid of this error.
180113 21:59:57  InnoDB: Operating system error number 32 in a file operation.
InnoDB: The error means that another program is using InnoDB's files.
InnoDB: This might be a backup or antivirus software or another instance
InnoDB: of MySQL. Please close it to get rid of this error.
180113 22:00:07  InnoDB: Operating system error number 32 in a file operation.
InnoDB: The error means that another program is using InnoDB's files.
InnoDB: This might be a backup or antivirus software or another instance
InnoDB: of MySQL. Please close it to get rid of this error.
180113 22:00:17  InnoDB: Operating system error number 32 in a file operation.
InnoDB: The error means that another program is using InnoDB's files.
InnoDB: This might be a backup or antivirus software or another instance
InnoDB: of MySQL. Please close it to get rid of this error.
180113 22:00:27  InnoDB: Operating system error number 32 in a file operation.
InnoDB: The error means that another program is using InnoDB's files.
InnoDB: This might be a backup or antivirus software or another instance
InnoDB: of MySQL. Please close it to get rid of this error.
180113 22:00:37  InnoDB: Operating system error number 32 in a file operation.
InnoDB: The error means that another program is using InnoDB's files.
InnoDB: This might be a backup or antivirus software or another instance
InnoDB: of MySQL. Please close it to get rid of this error.
180113 22:00:47  InnoDB: Operating system error number 32 in a file operation.
InnoDB: The error means that another program is using InnoDB's files.
InnoDB: This might be a backup or antivirus software or another instance
InnoDB: of MySQL. Please close it to get rid of this error.
180113 22:00:57  InnoDB: Operating system error number 32 in a file operation.
InnoDB: The error means that another program is using InnoDB's files.
InnoDB: This might be a backup or antivirus software or another instance
InnoDB: of MySQL. Please close it to get rid of this error.
180113 22:01:07  InnoDB: Operating system error number 32 in a file operation.
InnoDB: The error means that another program is using InnoDB's files.
InnoDB: This might be a backup or antivirus software or another instance
InnoDB: of MySQL. Please close it to get rid of this error.
180113 22:01:17  InnoDB: Operating system error number 32 in a file operation.
InnoDB: The error means that another program is using InnoDB's files.
InnoDB: This might be a backup or antivirus software or another instance
InnoDB: of MySQL. Please close it to get rid of this error.
180113 22:01:27  InnoDB: Operating system error number 32 in a file operation.
InnoDB: The error means that another program is using InnoDB's files.
InnoDB: This might be a backup or antivirus software or another instance
InnoDB: of MySQL. Please close it to get rid of this error.
180113 22:01:37  InnoDB: Operating system error number 32 in a file operation.
InnoDB: The error means that another program is using InnoDB's files.
InnoDB: This might be a backup or antivirus software or another instance
InnoDB: of MySQL. Please close it to get rid of this error.
180113 22:01:47  InnoDB: Operating system error number 32 in a file operation.
InnoDB: The error means that another program is using InnoDB's files.
InnoDB: This might be a backup or antivirus software or another instance
InnoDB: of MySQL. Please close it to get rid of this error.
180113 22:01:57  InnoDB: Operating system error number 32 in a file operation.
InnoDB: The error means that another program is using InnoDB's files.
InnoDB: This might be a backup or antivirus software or another instance
InnoDB: of MySQL. Please close it to get rid of this error.
180113 22:02:07  InnoDB: Operating system error number 32 in a file operation.
InnoDB: The error means that another program is using InnoDB's files.
InnoDB: This might be a backup or antivirus software or another instance
InnoDB: of MySQL. Please close it to get rid of this error.
180113 22:02:17  InnoDB: Operating system error number 32 in a file operation.
InnoDB: The error means that another program is using InnoDB's files.
InnoDB: This might be a backup or antivirus software or another instance
InnoDB: of MySQL. Please close it to get rid of this error.
180113 22:02:27  InnoDB: Operating system error number 32 in a file operation.
InnoDB: The error means that another program is using InnoDB's files.
InnoDB: This might be a backup or antivirus software or another instance
InnoDB: of MySQL. Please close it to get rid of this error.
180113 22:02:37  InnoDB: Operating system error number 32 in a file operation.
InnoDB: The error means that another program is using InnoDB's files.
InnoDB: This might be a backup or antivirus software or another instance
InnoDB: of MySQL. Please close it to get rid of this error.
180113 22:02:47  InnoDB: Operating system error number 32 in a file operation.
InnoDB: The error means that another program is using InnoDB's files.
InnoDB: This might be a backup or antivirus software or another instance
InnoDB: of MySQL. Please close it to get rid of this error.
180113 22:02:57  InnoDB: Operating system error number 32 in a file operation.
InnoDB: The error means that another program is using InnoDB's files.
InnoDB: This might be a backup or antivirus software or another instance
InnoDB: of MySQL. Please close it to get rid of this error.
180113 22:03:07  InnoDB: Operating system error number 32 in a file operation.
InnoDB: The error means that another program is using InnoDB's files.
InnoDB: This might be a backup or antivirus software or another instance
InnoDB: of MySQL. Please close it to get rid of this error.
180113 22:03:17  InnoDB: Operating system error number 32 in a file operation.
InnoDB: The error means that another program is using InnoDB's files.
InnoDB: This might be a backup or antivirus software or another instance
InnoDB: of MySQL. Please close it to get rid of this error.
180113 22:03:21 [Note] Plugin 'FEDERATED' is disabled.
180113 22:03:21 InnoDB: The InnoDB memory heap is disabled
180113 22:03:21 InnoDB: Mutexes and rw_locks use Windows interlocked functions
180113 22:03:21 InnoDB: Compressed tables use zlib 1.2.3
180113 22:03:21 InnoDB: Initializing buffer pool, size = 128.0M
180113 22:03:21 InnoDB: Completed initialization of buffer pool
180113 22:03:22 InnoDB: highest supported file format is Barracuda.
InnoDB: The log sequence number in ibdata files does not match
InnoDB: the log sequence number in the ib_logfiles!
180113 22:03:22  InnoDB: Database was not shut down normally!
InnoDB: Starting crash recovery.
InnoDB: Reading tablespace information from the .ibd files...
InnoDB: Restoring possible half-written data pages from the doublewrite
InnoDB: buffer...
180113 22:03:23  InnoDB: Waiting for the background threads to start
180113 22:03:24 InnoDB: 1.1.8 started; log sequence number 3345467
180113 22:03:55 [Note] Plugin 'FEDERATED' is disabled.
180113 22:03:55 InnoDB: The InnoDB memory heap is disabled
180113 22:03:55 InnoDB: Mutexes and rw_locks use Windows interlocked functions
180113 22:03:55 InnoDB: Compressed tables use zlib 1.2.3
180113 22:03:55 InnoDB: Initializing buffer pool, size = 128.0M
180113 22:03:55 InnoDB: Completed initialization of buffer pool
180113 22:03:55 InnoDB: highest supported file format is Barracuda.
InnoDB: The log sequence number in ibdata files does not match
InnoDB: the log sequence number in the ib_logfiles!
180113 22:03:55  InnoDB: Database was not shut down normally!
InnoDB: Starting crash recovery.
InnoDB: Reading tablespace information from the .ibd files...
InnoDB: Restoring possible half-written data pages from the doublewrite
InnoDB: buffer...
180113 22:04:00  InnoDB: Waiting for the background threads to start
180113 22:04:01 InnoDB: 1.1.8 started; log sequence number 3345467
180113 22:09:56 [Note] Plugin 'FEDERATED' is disabled.
180113 22:09:56 InnoDB: The InnoDB memory heap is disabled
180113 22:09:56 InnoDB: Mutexes and rw_locks use Windows interlocked functions
180113 22:09:56 InnoDB: Compressed tables use zlib 1.2.3
180113 22:09:56 InnoDB: Initializing buffer pool, size = 128.0M
180113 22:09:56 InnoDB: Completed initialization of buffer pool
180113 22:09:56 InnoDB: highest supported file format is Barracuda.
InnoDB: The log sequence number in ibdata files does not match
InnoDB: the log sequence number in the ib_logfiles!
180113 22:09:56  InnoDB: Database was not shut down normally!
InnoDB: Starting crash recovery.
InnoDB: Reading tablespace information from the .ibd files...
InnoDB: Restoring possible half-written data pages from the doublewrite
InnoDB: buffer...
180113 22:09:58  InnoDB: Waiting for the background threads to start
180113 22:09:59 InnoDB: 1.1.8 started; log sequence number 3345467
