180108 10:33:55 [Note] Plugin 'FEDERATED' is disabled.
180108 10:33:55 InnoDB: The InnoDB memory heap is disabled
180108 10:33:55 InnoDB: Mutexes and rw_locks use Windows interlocked functions
180108 10:33:55 InnoDB: Compressed tables use zlib 1.2.3
180108 10:33:55 InnoDB: Initializing buffer pool, size = 128.0M
180108 10:33:55 InnoDB: Completed initialization of buffer pool
180108 10:33:55 InnoDB: highest supported file format is Barracuda.
InnoDB: The log sequence number in ibdata files does not match
InnoDB: the log sequence number in the ib_logfiles!
180108 10:33:55  InnoDB: Database was not shut down normally!
InnoDB: Starting crash recovery.
InnoDB: Reading tablespace information from the .ibd files...
InnoDB: Restoring possible half-written data pages from the doublewrite
InnoDB: buffer...
180108 10:33:55  InnoDB: Waiting for the background threads to start
180108 10:33:56 InnoDB: 1.1.8 started; log sequence number 3226977
180109  8:28:32 [Note] Plugin 'FEDERATED' is disabled.
180109  8:28:32 InnoDB: The InnoDB memory heap is disabled
180109  8:28:32 InnoDB: Mutexes and rw_locks use Windows interlocked functions
180109  8:28:32 InnoDB: Compressed tables use zlib 1.2.3
180109  8:28:32 InnoDB: Initializing buffer pool, size = 128.0M
180109  8:28:32 InnoDB: Completed initialization of buffer pool
180109  8:28:32 InnoDB: highest supported file format is Barracuda.
InnoDB: The log sequence number in ibdata files does not match
InnoDB: the log sequence number in the ib_logfiles!
180109  8:28:32  InnoDB: Database was not shut down normally!
InnoDB: Starting crash recovery.
InnoDB: Reading tablespace information from the .ibd files...
InnoDB: Restoring possible half-written data pages from the doublewrite
InnoDB: buffer...
180109  8:28:33  InnoDB: Waiting for the background threads to start
180109  8:28:34 InnoDB: 1.1.8 started; log sequence number 3247431
