::1 - - [07/Jan/2018:13:49:03 +0700] "GET /phpmyadmin HTTP/1.1" 301 241
::1 - - [07/Jan/2018:13:49:03 +0700] "GET /phpmyadmin/ HTTP/1.1" 200 7423
::1 - - [07/Jan/2018:13:49:04 +0700] "GET /phpmyadmin/js/update-location.js?ts=1324454872 HTTP/1.1" 200 758
::1 - - [07/Jan/2018:13:49:04 +0700] "GET /phpmyadmin/js/functions.js?ts=1324454872 HTTP/1.1" 200 31563
::1 - - [07/Jan/2018:13:49:04 +0700] "GET /phpmyadmin/js/cross_framing_protection.js?ts=1324454872 HTTP/1.1" 200 331
::1 - - [07/Jan/2018:13:49:04 +0700] "GET /phpmyadmin/js/jquery/jquery-1.4.4.js?ts=1324454872 HTTP/1.1" 200 78268
::1 - - [07/Jan/2018:13:49:04 +0700] "GET /phpmyadmin/themes/pmahomme/jquery/jquery-ui-1.8.custom.css HTTP/1.1" 200 30846
::1 - - [07/Jan/2018:13:49:04 +0700] "GET /phpmyadmin/js/jquery/jquery.qtip-1.0.0.min.js?ts=1324454872 HTTP/1.1" 200 38434
::1 - - [07/Jan/2018:13:49:04 +0700] "GET /phpmyadmin/phpmyadmin.css.php?server=1&token=90e22c4979a2f24d782ecab25f79e37e&js_frame=right&nocache=3975542799 HTTP/1.1" 200 41672
::1 - - [07/Jan/2018:13:49:04 +0700] "GET /phpmyadmin/themes/pmahomme/img/logo_right.png HTTP/1.1" 200 4921
::1 - - [07/Jan/2018:13:49:04 +0700] "GET /phpmyadmin/js/messages.php?lang=en&db=&token=90e22c4979a2f24d782ecab25f79e37e HTTP/1.1" 200 4934
::1 - - [07/Jan/2018:13:49:04 +0700] "GET /phpmyadmin/themes/pmahomme/img/b_help.png HTTP/1.1" 200 1594
::1 - - [07/Jan/2018:13:49:04 +0700] "GET /phpmyadmin/print.css HTTP/1.1" 200 1064
::1 - - [07/Jan/2018:13:49:04 +0700] "GET /phpmyadmin/themes/pmahomme/img/input_bg.gif HTTP/1.1" 200 162
::1 - - [07/Jan/2018:13:49:04 +0700] "GET /phpmyadmin/favicon.ico HTTP/1.1" 200 18902
::1 - - [07/Jan/2018:13:49:19 +0700] "GET /Coffee/ HTTP/1.1" 200 12994
::1 - - [07/Jan/2018:13:49:19 +0700] "GET /Coffee/css/main.css HTTP/1.1" 200 6760
::1 - - [07/Jan/2018:13:49:19 +0700] "GET /Coffee/scripts/jquery.js HTTP/1.1" 200 293430
::1 - - [07/Jan/2018:13:49:19 +0700] "GET /Coffee/css/jquery-ui-1.12.1.custom/jquery-ui.min.css HTTP/1.1" 200 30982
::1 - - [07/Jan/2018:13:49:19 +0700] "GET /Coffee/css/ui.jqgrid.css HTTP/1.1" 200 17918
::1 - - [07/Jan/2018:13:49:19 +0700] "GET /Coffee/scripts/grid.locale-vi.js HTTP/1.1" 200 8880
::1 - - [07/Jan/2018:13:49:19 +0700] "GET /Coffee/scripts/jquery-1.11.0.min.js HTTP/1.1" 200 96381
::1 - - [07/Jan/2018:13:49:19 +0700] "GET /Coffee/js/item.js HTTP/1.1" 200 5884
::1 - - [07/Jan/2018:13:49:19 +0700] "GET /Coffee/js/declaration.js HTTP/1.1" 200 480
::1 - - [07/Jan/2018:13:49:19 +0700] "GET /Coffee/js/bill.js HTTP/1.1" 200 24749
::1 - - [07/Jan/2018:13:49:19 +0700] "GET /Coffee/js/area.js HTTP/1.1" 200 3020
::1 - - [07/Jan/2018:13:49:19 +0700] "GET /Coffee/scripts/jquery.jqGrid.js HTTP/1.1" 200 608514
::1 - - [07/Jan/2018:13:49:19 +0700] "GET /Coffee/js/table.js HTTP/1.1" 200 1069
::1 - - [07/Jan/2018:13:49:19 +0700] "GET /Coffee/js/alert.js HTTP/1.1" 200 861
::1 - - [07/Jan/2018:13:49:19 +0700] "GET /Coffee/js/report.js HTTP/1.1" 200 16416
::1 - - [07/Jan/2018:13:49:19 +0700] "GET /Coffee/images/background.jpg HTTP/1.1" 200 327397
::1 - - [07/Jan/2018:13:49:19 +0700] "GET /Coffee/icons/pay.png HTTP/1.1" 200 1748
::1 - - [07/Jan/2018:13:49:19 +0700] "GET /Coffee/icons/coffeecup.png HTTP/1.1" 200 3995
::1 - - [07/Jan/2018:13:49:19 +0700] "GET /Coffee/icons/merge.png HTTP/1.1" 200 1112
::1 - - [07/Jan/2018:13:49:19 +0700] "GET /Coffee/icons/split.png HTTP/1.1" 200 650
::1 - - [07/Jan/2018:13:49:19 +0700] "GET /Coffee/icons/exchange.png HTTP/1.1" 200 1651
::1 - - [07/Jan/2018:13:49:19 +0700] "GET /Coffee/icons/Abort.png HTTP/1.1" 200 1430
::1 - - [07/Jan/2018:13:49:19 +0700] "GET /Coffee/icons/Print.png HTTP/1.1" 200 972
::1 - - [07/Jan/2018:13:49:19 +0700] "GET /Coffee/icons/add.png HTTP/1.1" 200 770
::1 - - [07/Jan/2018:13:49:19 +0700] "GET /Coffee/icons/edit.png HTTP/1.1" 200 1500
::1 - - [07/Jan/2018:13:49:19 +0700] "GET /Coffee/icons/remove.png HTTP/1.1" 200 1283
::1 - - [07/Jan/2018:13:49:19 +0700] "GET /Coffee/icons/Table_1.png HTTP/1.1" 200 1031
::1 - - [07/Jan/2018:13:49:19 +0700] "GET /Coffee/css/jquery-ui-1.12.1.custom/images/ui-icons_444444_256x240.png HTTP/1.1" 200 6992
::1 - - [07/Jan/2018:13:49:19 +0700] "GET /Coffee/?_search=false&nd=1515307759660&rows=20&page=1&sidx=&sord=asc HTTP/1.1" 200 12994
::1 - - [07/Jan/2018:13:49:19 +0700] "GET /Coffee/?_search=false&nd=1515307759690&rows=20&page=1&sidx=&sord=asc HTTP/1.1" 200 12994
::1 - - [07/Jan/2018:13:49:19 +0700] "GET /Coffee/?_search=false&nd=1515307759707&rows=20&page=1&sidx=&sord=asc HTTP/1.1" 200 12994
::1 - - [07/Jan/2018:13:49:19 +0700] "GET /Coffee/item/lay_danh_sach_hang_hoa.php?_search=false&nd=1515307759729&rows=20&page=1&sidx=&sord=asc HTTP/1.1" 200 1310
::1 - - [07/Jan/2018:13:49:19 +0700] "POST /Coffee/bill/lay_danh_sach_hoa_don.php HTTP/1.1" 200 686
::1 - - [07/Jan/2018:13:49:19 +0700] "GET /Coffee/?_search=false&nd=1515307759752&rows=20&page=1&sidx=&sord=asc HTTP/1.1" 200 12994
::1 - - [07/Jan/2018:13:49:19 +0700] "GET /Coffee/?_search=false&nd=1515307759770&rows=100000&page=1&sidx=&sord=asc HTTP/1.1" 200 12994
::1 - - [07/Jan/2018:13:49:19 +0700] "GET /Coffee/?_search=false&nd=1515307759787&rows=100000&page=1&sidx=&sord=asc HTTP/1.1" 200 12994
::1 - - [07/Jan/2018:13:49:19 +0700] "GET /Coffee/?_search=false&nd=1515307759802&rows=100000&page=1&sidx=&sord=asc HTTP/1.1" 200 12994
::1 - - [07/Jan/2018:13:49:19 +0700] "GET /favicon.ico HTTP/1.1" 404 209
::1 - - [07/Jan/2018:13:49:25 +0700] "POST /Coffee/bill/lay_danh_sach_hoa_don.php HTTP/1.1" 200 686
::1 - - [07/Jan/2018:13:49:25 +0700] "POST /Coffee/bill/lay_danh_sach_hoa_don.php HTTP/1.1" 200 686
::1 - - [07/Jan/2018:13:49:25 +0700] "POST /Coffee/bill/lay_danh_sach_hoa_don.php HTTP/1.1" 200 686
::1 - - [07/Jan/2018:13:49:26 +0700] "POST /Coffee/bill/lay_danh_sach_hoa_don.php HTTP/1.1" 200 686
::1 - - [07/Jan/2018:13:50:09 +0700] "GET /Coffee/ HTTP/1.1" 200 12994
::1 - - [07/Jan/2018:13:50:10 +0700] "GET /Coffee/?_search=false&nd=1515307810142&rows=20&page=1&sidx=&sord=asc HTTP/1.1" 200 12994
::1 - - [07/Jan/2018:13:50:10 +0700] "GET /Coffee/?_search=false&nd=1515307810168&rows=20&page=1&sidx=&sord=asc HTTP/1.1" 200 12994
::1 - - [07/Jan/2018:13:50:10 +0700] "GET /Coffee/?_search=false&nd=1515307810186&rows=20&page=1&sidx=&sord=asc HTTP/1.1" 200 12994
::1 - - [07/Jan/2018:13:50:10 +0700] "GET /Coffee/item/lay_danh_sach_hang_hoa.php?_search=false&nd=1515307810208&rows=20&page=1&sidx=&sord=asc HTTP/1.1" 200 1310
::1 - - [07/Jan/2018:13:50:10 +0700] "POST /Coffee/bill/lay_danh_sach_hoa_don.php HTTP/1.1" 200 686
::1 - - [07/Jan/2018:13:50:10 +0700] "GET /Coffee/?_search=false&nd=1515307810232&rows=20&page=1&sidx=&sord=asc HTTP/1.1" 200 12994
::1 - - [07/Jan/2018:13:50:10 +0700] "GET /Coffee/?_search=false&nd=1515307810257&rows=100000&page=1&sidx=&sord=asc HTTP/1.1" 200 12994
::1 - - [07/Jan/2018:13:50:10 +0700] "GET /Coffee/?_search=false&nd=1515307810275&rows=100000&page=1&sidx=&sord=asc HTTP/1.1" 200 12994
::1 - - [07/Jan/2018:13:50:10 +0700] "GET /Coffee/?_search=false&nd=1515307810291&rows=100000&page=1&sidx=&sord=asc HTTP/1.1" 200 12994
::1 - - [07/Jan/2018:13:55:07 +0700] "GET /Coffee/ HTTP/1.1" 200 12994
::1 - - [07/Jan/2018:13:55:07 +0700] "GET /Coffee/?_search=false&nd=1515308107824&rows=20&page=1&sidx=&sord=asc HTTP/1.1" 200 12994
::1 - - [07/Jan/2018:13:55:07 +0700] "GET /Coffee/?_search=false&nd=1515308107850&rows=20&page=1&sidx=&sord=asc HTTP/1.1" 200 12994
::1 - - [07/Jan/2018:13:55:07 +0700] "GET /Coffee/?_search=false&nd=1515308107868&rows=20&page=1&sidx=&sord=asc HTTP/1.1" 200 12994
::1 - - [07/Jan/2018:13:55:07 +0700] "POST /Coffee/bill/lay_danh_sach_hoa_don.php HTTP/1.1" 200 2
::1 - - [07/Jan/2018:13:55:07 +0700] "GET /Coffee/item/lay_danh_sach_hang_hoa.php?_search=false&nd=1515308107889&rows=20&page=1&sidx=&sord=asc HTTP/1.1" 200 14590
::1 - - [07/Jan/2018:13:55:07 +0700] "GET /Coffee/?_search=false&nd=1515308107913&rows=20&page=1&sidx=&sord=asc HTTP/1.1" 200 12994
::1 - - [07/Jan/2018:13:55:07 +0700] "GET /Coffee/?_search=false&nd=1515308107928&rows=100000&page=1&sidx=&sord=asc HTTP/1.1" 200 12994
::1 - - [07/Jan/2018:13:55:07 +0700] "GET /Coffee/?_search=false&nd=1515308107945&rows=100000&page=1&sidx=&sord=asc HTTP/1.1" 200 12994
::1 - - [07/Jan/2018:13:55:07 +0700] "GET /Coffee/?_search=false&nd=1515308107962&rows=100000&page=1&sidx=&sord=asc HTTP/1.1" 200 12994
::1 - - [07/Jan/2018:13:55:08 +0700] "POST /Coffee/bill/lay_danh_sach_ban_da_thanh_toan_gan_day.php HTTP/1.1" 200 2
::1 - - [07/Jan/2018:13:55:09 +0700] "GET /Coffee/bill/lay_danh_sach_hang_hoa_bang_ma_hoa_don.php?MA_HOA_DON_BAN_HANG=&_search=false&nd=1515308109700&rows=20&page=1&sidx=&sord=asc HTTP/1.1" 200 2
::1 - - [07/Jan/2018:13:55:10 +0700] "GET /Coffee/bill/lay_danh_sach_hang_hoa_bang_ma_hoa_don.php?MA_HOA_DON_BAN_HANG=&_search=false&nd=1515308110283&rows=20&page=1&sidx=&sord=asc HTTP/1.1" 200 2
::1 - - [07/Jan/2018:13:55:10 +0700] "GET /Coffee/bill/lay_danh_sach_hang_hoa_bang_ma_hoa_don.php?MA_HOA_DON_BAN_HANG=&_search=false&nd=1515308110675&rows=20&page=1&sidx=&sord=asc HTTP/1.1" 200 2
::1 - - [07/Jan/2018:13:55:10 +0700] "GET /Coffee/bill/lay_danh_sach_hang_hoa_bang_ma_hoa_don.php?MA_HOA_DON_BAN_HANG=&_search=false&nd=1515308110971&rows=20&page=1&sidx=&sord=asc HTTP/1.1" 200 2
::1 - - [07/Jan/2018:13:55:11 +0700] "GET /Coffee/bill/lay_danh_sach_hang_hoa_bang_ma_hoa_don.php?MA_HOA_DON_BAN_HANG=&_search=false&nd=1515308111227&rows=20&page=1&sidx=&sord=asc HTTP/1.1" 200 2
::1 - - [07/Jan/2018:13:55:15 +0700] "GET /Coffee/bill/lay_danh_sach_hang_hoa_bang_ma_hoa_don.php?MA_HOA_DON_BAN_HANG=&_search=false&nd=1515308115972&rows=20&page=1&sidx=&sord=asc HTTP/1.1" 200 2
::1 - - [07/Jan/2018:13:55:16 +0700] "POST /Coffee/bill/lay_danh_sach_hoa_don.php HTTP/1.1" 200 2
::1 - - [07/Jan/2018:13:55:16 +0700] "POST /Coffee/bill/lay_danh_sach_ban_da_thanh_toan_gan_day.php HTTP/1.1" 200 2
::1 - - [07/Jan/2018:13:55:16 +0700] "POST /Coffee/bill/lay_danh_sach_hoa_don.php HTTP/1.1" 200 2
::1 - - [07/Jan/2018:13:55:16 +0700] "POST /Coffee/bill/lay_danh_sach_ban_da_thanh_toan_gan_day.php HTTP/1.1" 200 2
::1 - - [07/Jan/2018:13:55:17 +0700] "POST /Coffee/bill/lay_danh_sach_hoa_don.php HTTP/1.1" 200 2
::1 - - [07/Jan/2018:13:55:17 +0700] "POST /Coffee/bill/lay_danh_sach_ban_da_thanh_toan_gan_day.php HTTP/1.1" 200 2
::1 - - [07/Jan/2018:13:55:17 +0700] "POST /Coffee/bill/lay_danh_sach_hoa_don.php HTTP/1.1" 200 2
::1 - - [07/Jan/2018:13:55:17 +0700] "POST /Coffee/bill/lay_danh_sach_ban_da_thanh_toan_gan_day.php HTTP/1.1" 200 2
::1 - - [07/Jan/2018:13:55:17 +0700] "GET /Coffee/bill/lay_danh_sach_hang_hoa_bang_ma_hoa_don.php?MA_HOA_DON_BAN_HANG=&_search=false&nd=1515308117971&rows=20&page=1&sidx=&sord=asc HTTP/1.1" 200 2
::1 - - [07/Jan/2018:13:55:19 +0700] "POST /Coffee/bill/them_hoa_don_ban_hang.php HTTP/1.1" 200 1
::1 - - [07/Jan/2018:13:55:19 +0700] "POST /Coffee/bill/lay_danh_sach_hoa_don.php HTTP/1.1" 200 79
::1 - - [07/Jan/2018:13:55:19 +0700] "POST /Coffee/bill/lay_danh_sach_ban_da_thanh_toan_gan_day.php HTTP/1.1" 200 2
::1 - - [07/Jan/2018:13:55:19 +0700] "POST /Coffee/bill/them_hang_hoa_vao_hoa_don_ban_hang.php HTTP/1.1" 200 1
::1 - - [07/Jan/2018:13:55:19 +0700] "GET /Coffee/bill/lay_danh_sach_hang_hoa_bang_ma_hoa_don.php?MA_HOA_DON_BAN_HANG=HD07_01_2018_13_55_19&_search=false&nd=1515308119265&rows=20&page=1&sidx=&sord=asc HTTP/1.1" 200 211
::1 - - [07/Jan/2018:13:55:19 +0700] "POST /Coffee/bill/lay_danh_sach_hoa_don.php HTTP/1.1" 200 82
::1 - - [07/Jan/2018:13:55:19 +0700] "POST /Coffee/bill/lay_danh_sach_ban_da_thanh_toan_gan_day.php HTTP/1.1" 200 2
::1 - - [07/Jan/2018:13:55:21 +0700] "POST /Coffee/bill/thanh_toan_hoa_don_ban_hang.php HTTP/1.1" 200 1
::1 - - [07/Jan/2018:13:55:21 +0700] "GET /Coffee/bill/lay_danh_sach_hang_hoa_bang_ma_hoa_don.php?MA_HOA_DON_BAN_HANG=HD07_01_2018_13_55_19&_search=false&nd=1515308121961&rows=20&page=1&sidx=&sord=asc HTTP/1.1" 200 2
::1 - - [07/Jan/2018:13:55:21 +0700] "POST /Coffee/bill/lay_danh_sach_hoa_don.php HTTP/1.1" 200 2
::1 - - [07/Jan/2018:13:55:22 +0700] "POST /Coffee/bill/lay_danh_sach_ban_da_thanh_toan_gan_day.php HTTP/1.1" 200 36
::1 - - [07/Jan/2018:13:55:22 +0700] "GET /Coffee/bill/lay_danh_sach_hang_hoa_bang_ma_hoa_don.php?MA_HOA_DON_BAN_HANG=&_search=false&nd=1515308122730&rows=20&page=1&sidx=&sord=asc HTTP/1.1" 200 2
::1 - - [07/Jan/2018:13:55:23 +0700] "GET /Coffee/bill/lay_danh_sach_hang_hoa_bang_ma_hoa_don.php?MA_HOA_DON_BAN_HANG=&_search=false&nd=1515308123059&rows=20&page=1&sidx=&sord=asc HTTP/1.1" 200 2
::1 - - [07/Jan/2018:13:55:23 +0700] "GET /Coffee/bill/lay_danh_sach_hang_hoa_bang_ma_hoa_don.php?MA_HOA_DON_BAN_HANG=&_search=false&nd=1515308123394&rows=20&page=1&sidx=&sord=asc HTTP/1.1" 200 2
::1 - - [07/Jan/2018:13:58:05 +0700] "GET /Coffee/bill/lay_danh_sach_hang_hoa_bang_ma_hoa_don.php?MA_HOA_DON_BAN_HANG=&_search=false&nd=1515308285060&rows=20&page=1&sidx=&sord=asc HTTP/1.1" 200 2
::1 - - [07/Jan/2018:13:58:06 +0700] "GET /Coffee/bill/lay_danh_sach_hang_hoa_bang_ma_hoa_don.php?MA_HOA_DON_BAN_HANG= HTTP/1.1" 200 2
::1 - - [07/Jan/2018:13:58:12 +0700] "GET /Coffee/bill/lay_danh_sach_hang_hoa_bang_ma_hoa_don.php?MA_HOA_DON_BAN_HANG=&_search=false&nd=1515308292380&rows=20&page=1&sidx=&sord=asc HTTP/1.1" 200 2
::1 - - [07/Jan/2018:13:58:13 +0700] "POST /Coffee/bill/them_hoa_don_ban_hang.php HTTP/1.1" 200 1
::1 - - [07/Jan/2018:13:58:13 +0700] "POST /Coffee/bill/lay_danh_sach_hoa_don.php HTTP/1.1" 200 79
::1 - - [07/Jan/2018:13:58:13 +0700] "POST /Coffee/bill/lay_danh_sach_ban_da_thanh_toan_gan_day.php HTTP/1.1" 200 36
::1 - - [07/Jan/2018:13:58:13 +0700] "POST /Coffee/bill/them_hang_hoa_vao_hoa_don_ban_hang.php HTTP/1.1" 200 1
::1 - - [07/Jan/2018:13:58:13 +0700] "GET /Coffee/bill/lay_danh_sach_hang_hoa_bang_ma_hoa_don.php?MA_HOA_DON_BAN_HANG=HD07_01_2018_13_58_13&_search=false&nd=1515308293583&rows=20&page=1&sidx=&sord=asc HTTP/1.1" 200 211
::1 - - [07/Jan/2018:13:58:13 +0700] "POST /Coffee/bill/lay_danh_sach_hoa_don.php HTTP/1.1" 200 82
::1 - - [07/Jan/2018:13:58:13 +0700] "POST /Coffee/bill/lay_danh_sach_ban_da_thanh_toan_gan_day.php HTTP/1.1" 200 36
::1 - - [07/Jan/2018:13:58:14 +0700] "POST /Coffee/bill/them_hang_hoa_vao_hoa_don_ban_hang.php HTTP/1.1" 200 1
::1 - - [07/Jan/2018:13:58:14 +0700] "POST /Coffee/bill/lay_danh_sach_hoa_don.php HTTP/1.1" 200 82
::1 - - [07/Jan/2018:13:58:14 +0700] "POST /Coffee/bill/lay_danh_sach_ban_da_thanh_toan_gan_day.php HTTP/1.1" 200 36
::1 - - [07/Jan/2018:13:58:17 +0700] "POST /Coffee/bill/them_hang_hoa_vao_hoa_don_ban_hang.php HTTP/1.1" 200 1
::1 - - [07/Jan/2018:13:58:17 +0700] "POST /Coffee/bill/lay_danh_sach_hoa_don.php HTTP/1.1" 200 82
::1 - - [07/Jan/2018:13:58:17 +0700] "POST /Coffee/bill/lay_danh_sach_ban_da_thanh_toan_gan_day.php HTTP/1.1" 200 36
::1 - - [07/Jan/2018:13:58:18 +0700] "POST /Coffee/bill/them_hang_hoa_vao_hoa_don_ban_hang.php HTTP/1.1" 200 1
::1 - - [07/Jan/2018:13:58:18 +0700] "POST /Coffee/bill/lay_danh_sach_hoa_don.php HTTP/1.1" 200 82
::1 - - [07/Jan/2018:13:58:18 +0700] "POST /Coffee/bill/lay_danh_sach_ban_da_thanh_toan_gan_day.php HTTP/1.1" 200 36
::1 - - [07/Jan/2018:13:58:21 +0700] "POST /Coffee/bill/them_hang_hoa_vao_hoa_don_ban_hang.php HTTP/1.1" 200 1
::1 - - [07/Jan/2018:13:58:21 +0700] "POST /Coffee/bill/lay_danh_sach_hoa_don.php HTTP/1.1" 200 82
::1 - - [07/Jan/2018:13:58:21 +0700] "POST /Coffee/bill/lay_danh_sach_ban_da_thanh_toan_gan_day.php HTTP/1.1" 200 36
::1 - - [07/Jan/2018:13:58:23 +0700] "POST /Coffee/bill/them_hang_hoa_vao_hoa_don_ban_hang.php HTTP/1.1" 200 1
::1 - - [07/Jan/2018:13:58:23 +0700] "POST /Coffee/bill/lay_danh_sach_hoa_don.php HTTP/1.1" 200 82
::1 - - [07/Jan/2018:13:58:23 +0700] "POST /Coffee/bill/lay_danh_sach_ban_da_thanh_toan_gan_day.php HTTP/1.1" 200 36
::1 - - [07/Jan/2018:13:58:24 +0700] "POST /Coffee/bill/them_hang_hoa_vao_hoa_don_ban_hang.php HTTP/1.1" 200 1
::1 - - [07/Jan/2018:13:58:24 +0700] "POST /Coffee/bill/lay_danh_sach_hoa_don.php HTTP/1.1" 200 82
::1 - - [07/Jan/2018:13:58:24 +0700] "POST /Coffee/bill/lay_danh_sach_ban_da_thanh_toan_gan_day.php HTTP/1.1" 200 36
::1 - - [07/Jan/2018:13:58:28 +0700] "POST /Coffee/bill/them_hang_hoa_vao_hoa_don_ban_hang.php HTTP/1.1" 200 1
::1 - - [07/Jan/2018:13:58:28 +0700] "POST /Coffee/bill/lay_danh_sach_hoa_don.php HTTP/1.1" 200 82
::1 - - [07/Jan/2018:13:58:28 +0700] "POST /Coffee/bill/lay_danh_sach_ban_da_thanh_toan_gan_day.php HTTP/1.1" 200 36
::1 - - [07/Jan/2018:13:58:30 +0700] "GET /Coffee/ HTTP/1.1" 200 12994
::1 - - [07/Jan/2018:13:58:30 +0700] "GET /Coffee/?_search=false&nd=1515308310413&rows=20&page=1&sidx=&sord=asc HTTP/1.1" 200 12994
::1 - - [07/Jan/2018:13:58:30 +0700] "GET /Coffee/?_search=false&nd=1515308310437&rows=20&page=1&sidx=&sord=asc HTTP/1.1" 200 12994
::1 - - [07/Jan/2018:13:58:30 +0700] "GET /Coffee/?_search=false&nd=1515308310454&rows=20&page=1&sidx=&sord=asc HTTP/1.1" 200 12994
::1 - - [07/Jan/2018:13:58:30 +0700] "GET /Coffee/item/lay_danh_sach_hang_hoa.php?_search=false&nd=1515308310474&rows=20&page=1&sidx=&sord=asc HTTP/1.1" 200 14590
::1 - - [07/Jan/2018:13:58:30 +0700] "POST /Coffee/bill/lay_danh_sach_hoa_don.php HTTP/1.1" 200 82
::1 - - [07/Jan/2018:13:58:30 +0700] "GET /Coffee/?_search=false&nd=1515308310497&rows=20&page=1&sidx=&sord=asc HTTP/1.1" 200 12994
::1 - - [07/Jan/2018:13:58:30 +0700] "GET /Coffee/?_search=false&nd=1515308310516&rows=100000&page=1&sidx=&sord=asc HTTP/1.1" 200 12994
::1 - - [07/Jan/2018:13:58:30 +0700] "GET /Coffee/?_search=false&nd=1515308310535&rows=100000&page=1&sidx=&sord=asc HTTP/1.1" 200 12994
::1 - - [07/Jan/2018:13:58:30 +0700] "GET /Coffee/?_search=false&nd=1515308310552&rows=100000&page=1&sidx=&sord=asc HTTP/1.1" 200 12994
::1 - - [07/Jan/2018:13:58:30 +0700] "POST /Coffee/bill/lay_danh_sach_ban_da_thanh_toan_gan_day.php HTTP/1.1" 200 36
::1 - - [07/Jan/2018:13:58:31 +0700] "GET /Coffee/bill/lay_danh_sach_hang_hoa_bang_ma_hoa_don.php?MA_HOA_DON_BAN_HANG=HD07_01_2018_13_58_13&_search=false&nd=1515308311495&rows=20&page=1&sidx=&sord=asc HTTP/1.1" 200 211
::1 - - [07/Jan/2018:13:58:32 +0700] "POST /Coffee/bill/them_hang_hoa_vao_hoa_don_ban_hang.php HTTP/1.1" 200 1
::1 - - [07/Jan/2018:13:58:32 +0700] "POST /Coffee/bill/lay_danh_sach_hoa_don.php HTTP/1.1" 200 82
::1 - - [07/Jan/2018:13:58:32 +0700] "POST /Coffee/bill/lay_danh_sach_ban_da_thanh_toan_gan_day.php HTTP/1.1" 200 36
::1 - - [07/Jan/2018:13:58:36 +0700] "POST /Coffee/bill/them_hang_hoa_vao_hoa_don_ban_hang.php HTTP/1.1" 200 1
::1 - - [07/Jan/2018:13:58:36 +0700] "POST /Coffee/bill/lay_danh_sach_hoa_don.php HTTP/1.1" 200 82
::1 - - [07/Jan/2018:13:58:36 +0700] "POST /Coffee/bill/lay_danh_sach_ban_da_thanh_toan_gan_day.php HTTP/1.1" 200 36
::1 - - [07/Jan/2018:13:58:39 +0700] "GET /Coffee/bill/lay_danh_sach_hang_hoa_bang_ma_hoa_don.php?MA_HOA_DON_BAN_HANG=HD07_01_2018_13_58_13&_search=false&nd=1515308319092&rows=20&page=1&sidx=&sord=asc HTTP/1.1" 200 211
::1 - - [07/Jan/2018:13:58:39 +0700] "GET /Coffee/bill/lay_danh_sach_hang_hoa_bang_ma_hoa_don.php?MA_HOA_DON_BAN_HANG=&_search=false&nd=1515308319637&rows=20&page=1&sidx=&sord=asc HTTP/1.1" 200 2
::1 - - [07/Jan/2018:13:58:40 +0700] "GET /Coffee/bill/lay_danh_sach_hang_hoa_bang_ma_hoa_don.php?MA_HOA_DON_BAN_HANG=HD07_01_2018_13_58_13&_search=false&nd=1515308319997&rows=20&page=1&sidx=&sord=asc HTTP/1.1" 200 211
::1 - - [07/Jan/2018:13:58:40 +0700] "POST /Coffee/bill/them_hang_hoa_vao_hoa_don_ban_hang.php HTTP/1.1" 200 1
::1 - - [07/Jan/2018:13:58:40 +0700] "POST /Coffee/bill/lay_danh_sach_hoa_don.php HTTP/1.1" 200 82
::1 - - [07/Jan/2018:13:58:40 +0700] "POST /Coffee/bill/lay_danh_sach_ban_da_thanh_toan_gan_day.php HTTP/1.1" 200 36
::1 - - [07/Jan/2018:14:03:30 +0700] "GET /Coffee/bill/lay_danh_sach_hang_hoa_bang_ma_hoa_don.php?MA_HOA_DON_BAN_HANG=HD07_01_2018_13_58_13&_search=false&nd=1515308610076&rows=20&page=1&sidx=&sord=asc HTTP/1.1" 200 1406
::1 - - [07/Jan/2018:14:03:31 +0700] "GET /Coffee/bill/lay_danh_sach_hang_hoa_bang_ma_hoa_don.php?MA_HOA_DON_BAN_HANG=HD07_01_2018_13_58_13&_search=false&nd=1515308611051&rows=20&page=1&sidx=&sord=asc HTTP/1.1" 200 1406
::1 - - [07/Jan/2018:14:03:32 +0700] "GET /Coffee/ HTTP/1.1" 200 12994
::1 - - [07/Jan/2018:14:03:32 +0700] "GET /Coffee/?_search=false&nd=1515308612278&rows=20&page=1&sidx=&sord=asc HTTP/1.1" 200 12994
::1 - - [07/Jan/2018:14:03:32 +0700] "GET /Coffee/?_search=false&nd=1515308612305&rows=20&page=1&sidx=&sord=asc HTTP/1.1" 200 12994
::1 - - [07/Jan/2018:14:03:32 +0700] "GET /Coffee/?_search=false&nd=1515308612321&rows=20&page=1&sidx=&sord=asc HTTP/1.1" 200 12994
::1 - - [07/Jan/2018:14:03:32 +0700] "GET /Coffee/item/lay_danh_sach_hang_hoa.php?_search=false&nd=1515308612341&rows=20&page=1&sidx=&sord=asc HTTP/1.1" 200 1310
::1 - - [07/Jan/2018:14:03:32 +0700] "POST /Coffee/bill/lay_danh_sach_hoa_don.php HTTP/1.1" 200 686
::1 - - [07/Jan/2018:14:03:32 +0700] "GET /Coffee/?_search=false&nd=1515308612364&rows=20&page=1&sidx=&sord=asc HTTP/1.1" 200 12994
::1 - - [07/Jan/2018:14:03:32 +0700] "GET /Coffee/?_search=false&nd=1515308612385&rows=100000&page=1&sidx=&sord=asc HTTP/1.1" 200 12994
::1 - - [07/Jan/2018:14:03:32 +0700] "GET /Coffee/?_search=false&nd=1515308612402&rows=100000&page=1&sidx=&sord=asc HTTP/1.1" 200 12994
::1 - - [07/Jan/2018:14:03:32 +0700] "GET /Coffee/?_search=false&nd=1515308612419&rows=100000&page=1&sidx=&sord=asc HTTP/1.1" 200 12994
::1 - - [07/Jan/2018:14:03:44 +0700] "GET /Coffee/ HTTP/1.1" 200 12994
::1 - - [07/Jan/2018:14:03:44 +0700] "GET /Coffee/scripts/grid.locale-vi.js HTTP/1.1" 200 8880
::1 - - [07/Jan/2018:14:03:44 +0700] "GET /Coffee/css/main.css HTTP/1.1" 200 6760
::1 - - [07/Jan/2018:14:03:44 +0700] "GET /Coffee/css/jquery-ui-1.12.1.custom/jquery-ui.min.css HTTP/1.1" 200 30982
::1 - - [07/Jan/2018:14:03:44 +0700] "GET /Coffee/css/ui.jqgrid.css HTTP/1.1" 200 17918
::1 - - [07/Jan/2018:14:03:44 +0700] "GET /Coffee/js/item.js HTTP/1.1" 200 5884
::1 - - [07/Jan/2018:14:03:44 +0700] "GET /Coffee/js/bill.js HTTP/1.1" 200 24749
::1 - - [07/Jan/2018:14:03:44 +0700] "GET /Coffee/js/area.js HTTP/1.1" 200 3020
::1 - - [07/Jan/2018:14:03:44 +0700] "GET /Coffee/js/table.js HTTP/1.1" 200 1069
::1 - - [07/Jan/2018:14:03:44 +0700] "GET /Coffee/js/alert.js HTTP/1.1" 200 861
::1 - - [07/Jan/2018:14:03:44 +0700] "GET /Coffee/js/declaration.js HTTP/1.1" 200 480
::1 - - [07/Jan/2018:14:03:44 +0700] "GET /Coffee/scripts/jquery.js HTTP/1.1" 200 293430
::1 - - [07/Jan/2018:14:03:44 +0700] "GET /Coffee/js/report.js HTTP/1.1" 200 16416
::1 - - [07/Jan/2018:14:03:44 +0700] "GET /Coffee/scripts/jquery-1.11.0.min.js HTTP/1.1" 200 96381
::1 - - [07/Jan/2018:14:03:44 +0700] "GET /Coffee/scripts/jquery.jqGrid.js HTTP/1.1" 200 608514
::1 - - [07/Jan/2018:14:03:45 +0700] "GET /Coffee/icons/pay.png HTTP/1.1" 200 1748
::1 - - [07/Jan/2018:14:03:45 +0700] "GET /Coffee/icons/exchange.png HTTP/1.1" 200 1651
::1 - - [07/Jan/2018:14:03:45 +0700] "GET /Coffee/icons/coffeecup.png HTTP/1.1" 200 3995
::1 - - [07/Jan/2018:14:03:45 +0700] "GET /Coffee/icons/split.png HTTP/1.1" 200 650
::1 - - [07/Jan/2018:14:03:45 +0700] "GET /Coffee/icons/edit.png HTTP/1.1" 200 1500
::1 - - [07/Jan/2018:14:03:45 +0700] "GET /Coffee/icons/add.png HTTP/1.1" 200 770
::1 - - [07/Jan/2018:14:03:45 +0700] "GET /Coffee/icons/remove.png HTTP/1.1" 200 1283
::1 - - [07/Jan/2018:14:03:45 +0700] "GET /Coffee/icons/Table_1.png HTTP/1.1" 200 1031
::1 - - [07/Jan/2018:14:03:45 +0700] "GET /Coffee/icons/Print.png HTTP/1.1" 200 972
::1 - - [07/Jan/2018:14:03:45 +0700] "GET /Coffee/icons/merge.png HTTP/1.1" 200 1112
::1 - - [07/Jan/2018:14:03:45 +0700] "GET /Coffee/images/background.jpg HTTP/1.1" 200 327397
::1 - - [07/Jan/2018:14:03:45 +0700] "GET /Coffee/icons/Abort.png HTTP/1.1" 200 1430
::1 - - [07/Jan/2018:14:03:45 +0700] "GET /Coffee/?_search=false&nd=1515308625103&rows=20&page=1&sidx=&sord=asc HTTP/1.1" 200 12994
::1 - - [07/Jan/2018:14:03:45 +0700] "GET /Coffee/?_search=false&nd=1515308625126&rows=20&page=1&sidx=&sord=asc HTTP/1.1" 200 12994
::1 - - [07/Jan/2018:14:03:45 +0700] "GET /Coffee/css/jquery-ui-1.12.1.custom/images/ui-icons_444444_256x240.png HTTP/1.1" 200 6992
::1 - - [07/Jan/2018:14:03:45 +0700] "GET /Coffee/?_search=false&nd=1515308625146&rows=20&page=1&sidx=&sord=asc HTTP/1.1" 200 12994
::1 - - [07/Jan/2018:14:03:45 +0700] "GET /Coffee/item/lay_danh_sach_hang_hoa.php?_search=false&nd=1515308625166&rows=20&page=1&sidx=&sord=asc HTTP/1.1" 200 1310
::1 - - [07/Jan/2018:14:03:45 +0700] "POST /Coffee/bill/lay_danh_sach_hoa_don.php HTTP/1.1" 200 686
::1 - - [07/Jan/2018:14:03:45 +0700] "GET /Coffee/?_search=false&nd=1515308625189&rows=20&page=1&sidx=&sord=asc HTTP/1.1" 200 12994
::1 - - [07/Jan/2018:14:03:45 +0700] "GET /Coffee/?_search=false&nd=1515308625206&rows=100000&page=1&sidx=&sord=asc HTTP/1.1" 200 12994
::1 - - [07/Jan/2018:14:03:45 +0700] "GET /Coffee/?_search=false&nd=1515308625224&rows=100000&page=1&sidx=&sord=asc HTTP/1.1" 200 12994
::1 - - [07/Jan/2018:14:03:45 +0700] "GET /Coffee/?_search=false&nd=1515308625242&rows=100000&page=1&sidx=&sord=asc HTTP/1.1" 200 12994
::1 - - [07/Jan/2018:14:09:59 +0700] "GET /Coffee/ HTTP/1.1" 200 12994
::1 - - [07/Jan/2018:14:10:00 +0700] "GET /Coffee/?_search=false&nd=1515309000133&rows=20&page=1&sidx=&sord=asc HTTP/1.1" 200 12994
::1 - - [07/Jan/2018:14:10:00 +0700] "GET /Coffee/?_search=false&nd=1515309000160&rows=20&page=1&sidx=&sord=asc HTTP/1.1" 200 12994
::1 - - [07/Jan/2018:14:10:00 +0700] "GET /Coffee/?_search=false&nd=1515309000181&rows=20&page=1&sidx=&sord=asc HTTP/1.1" 200 12994
::1 - - [07/Jan/2018:14:10:00 +0700] "GET /Coffee/item/lay_danh_sach_hang_hoa.php?_search=false&nd=1515309000204&rows=20&page=1&sidx=&sord=asc HTTP/1.1" 200 1310
::1 - - [07/Jan/2018:14:10:00 +0700] "POST /Coffee/bill/lay_danh_sach_hoa_don.php HTTP/1.1" 200 686
::1 - - [07/Jan/2018:14:10:00 +0700] "GET /Coffee/?_search=false&nd=1515309000229&rows=20&page=1&sidx=&sord=asc HTTP/1.1" 200 12994
::1 - - [07/Jan/2018:14:10:00 +0700] "GET /Coffee/?_search=false&nd=1515309000247&rows=100000&page=1&sidx=&sord=asc HTTP/1.1" 200 12994
::1 - - [07/Jan/2018:14:10:00 +0700] "GET /Coffee/?_search=false&nd=1515309000265&rows=100000&page=1&sidx=&sord=asc HTTP/1.1" 200 12994
::1 - - [07/Jan/2018:14:10:00 +0700] "GET /Coffee/?_search=false&nd=1515309000284&rows=100000&page=1&sidx=&sord=asc HTTP/1.1" 200 12994
::1 - - [07/Jan/2018:14:13:03 +0700] "GET /Coffee/ HTTP/1.1" 200 12994
::1 - - [07/Jan/2018:14:13:03 +0700] "GET /Coffee/?_search=false&nd=1515309183785&rows=20&page=1&sidx=&sord=asc HTTP/1.1" 200 12994
::1 - - [07/Jan/2018:14:13:03 +0700] "GET /Coffee/?_search=false&nd=1515309183811&rows=20&page=1&sidx=&sord=asc HTTP/1.1" 200 12994
::1 - - [07/Jan/2018:14:13:03 +0700] "GET /Coffee/?_search=false&nd=1515309183829&rows=20&page=1&sidx=&sord=asc HTTP/1.1" 200 12994
::1 - - [07/Jan/2018:14:13:03 +0700] "GET /Coffee/item/lay_danh_sach_hang_hoa.php?_search=false&nd=1515309183850&rows=20&page=1&sidx=&sord=asc HTTP/1.1" 200 14590
::1 - - [07/Jan/2018:14:13:03 +0700] "POST /Coffee/bill/lay_danh_sach_hoa_don.php HTTP/1.1" 200 83
::1 - - [07/Jan/2018:14:13:03 +0700] "GET /Coffee/?_search=false&nd=1515309183876&rows=20&page=1&sidx=&sord=asc HTTP/1.1" 200 12994
::1 - - [07/Jan/2018:14:13:03 +0700] "GET /Coffee/?_search=false&nd=1515309183893&rows=100000&page=1&sidx=&sord=asc HTTP/1.1" 200 12994
::1 - - [07/Jan/2018:14:13:03 +0700] "GET /Coffee/?_search=false&nd=1515309183911&rows=100000&page=1&sidx=&sord=asc HTTP/1.1" 200 12994
::1 - - [07/Jan/2018:14:13:03 +0700] "GET /Coffee/?_search=false&nd=1515309183930&rows=100000&page=1&sidx=&sord=asc HTTP/1.1" 200 12994
::1 - - [07/Jan/2018:14:13:03 +0700] "POST /Coffee/bill/lay_danh_sach_ban_da_thanh_toan_gan_day.php HTTP/1.1" 200 73
::1 - - [07/Jan/2018:14:13:09 +0700] "GET /Coffee/bill/lay_danh_sach_hang_hoa_bang_ma_hoa_don.php?MA_HOA_DON_BAN_HANG=HD06_01_2018_23_22_49&_search=false&nd=1515309189260&rows=20&page=1&sidx=&sord=asc HTTP/1.1" 200 899
::1 - - [07/Jan/2018:14:13:10 +0700] "POST /Coffee/bill/them_hang_hoa_vao_hoa_don_ban_hang.php HTTP/1.1" 200 1
::1 - - [07/Jan/2018:14:13:10 +0700] "GET /Coffee/bill/lay_danh_sach_hang_hoa_bang_ma_hoa_don.php?MA_HOA_DON_BAN_HANG=HD06_01_2018_23_22_49&_search=false&nd=1515309190077&rows=20&page=1&sidx=&sord=asc HTTP/1.1" 200 1101
::1 - - [07/Jan/2018:14:13:10 +0700] "POST /Coffee/bill/lay_danh_sach_hoa_don.php HTTP/1.1" 200 83
::1 - - [07/Jan/2018:14:13:10 +0700] "POST /Coffee/bill/lay_danh_sach_ban_da_thanh_toan_gan_day.php HTTP/1.1" 200 73
::1 - - [07/Jan/2018:14:13:10 +0700] "POST /Coffee/bill/them_hang_hoa_vao_hoa_don_ban_hang.php HTTP/1.1" 200 1
::1 - - [07/Jan/2018:14:13:10 +0700] "POST /Coffee/bill/lay_danh_sach_hoa_don.php HTTP/1.1" 200 83
::1 - - [07/Jan/2018:14:13:10 +0700] "POST /Coffee/bill/lay_danh_sach_ban_da_thanh_toan_gan_day.php HTTP/1.1" 200 73
::1 - - [07/Jan/2018:14:13:11 +0700] "POST /Coffee/bill/them_hang_hoa_vao_hoa_don_ban_hang.php HTTP/1.1" 200 1
::1 - - [07/Jan/2018:14:13:11 +0700] "POST /Coffee/bill/lay_danh_sach_hoa_don.php HTTP/1.1" 200 83
::1 - - [07/Jan/2018:14:13:11 +0700] "POST /Coffee/bill/lay_danh_sach_ban_da_thanh_toan_gan_day.php HTTP/1.1" 200 73
::1 - - [07/Jan/2018:14:13:13 +0700] "POST /Coffee/bill/them_hang_hoa_vao_hoa_don_ban_hang.php HTTP/1.1" 200 1
::1 - - [07/Jan/2018:14:13:13 +0700] "POST /Coffee/bill/lay_danh_sach_hoa_don.php HTTP/1.1" 200 83
::1 - - [07/Jan/2018:14:13:13 +0700] "POST /Coffee/bill/lay_danh_sach_ban_da_thanh_toan_gan_day.php HTTP/1.1" 200 73
::1 - - [07/Jan/2018:14:13:14 +0700] "POST /Coffee/bill/them_hang_hoa_vao_hoa_don_ban_hang.php HTTP/1.1" 200 1
::1 - - [07/Jan/2018:14:13:14 +0700] "POST /Coffee/bill/lay_danh_sach_hoa_don.php HTTP/1.1" 200 83
::1 - - [07/Jan/2018:14:13:14 +0700] "POST /Coffee/bill/lay_danh_sach_ban_da_thanh_toan_gan_day.php HTTP/1.1" 200 73
::1 - - [07/Jan/2018:14:13:24 +0700] "POST /Coffee/bill/them_hang_hoa_vao_hoa_don_ban_hang.php HTTP/1.1" 200 1
::1 - - [07/Jan/2018:14:13:24 +0700] "POST /Coffee/bill/lay_danh_sach_hoa_don.php HTTP/1.1" 200 83
::1 - - [07/Jan/2018:14:13:24 +0700] "POST /Coffee/bill/lay_danh_sach_ban_da_thanh_toan_gan_day.php HTTP/1.1" 200 73
::1 - - [07/Jan/2018:14:15:43 +0700] "POST /Coffee/bill/them_hang_hoa_vao_hoa_don_ban_hang.php HTTP/1.1" 200 1
::1 - - [07/Jan/2018:14:15:43 +0700] "POST /Coffee/bill/lay_danh_sach_hoa_don.php HTTP/1.1" 200 83
::1 - - [07/Jan/2018:14:15:43 +0700] "POST /Coffee/bill/lay_danh_sach_ban_da_thanh_toan_gan_day.php HTTP/1.1" 200 73
::1 - - [07/Jan/2018:14:15:45 +0700] "POST /Coffee/bill/them_hang_hoa_vao_hoa_don_ban_hang.php HTTP/1.1" 200 1
::1 - - [07/Jan/2018:14:15:45 +0700] "POST /Coffee/bill/lay_danh_sach_hoa_don.php HTTP/1.1" 200 83
::1 - - [07/Jan/2018:14:15:45 +0700] "POST /Coffee/bill/lay_danh_sach_ban_da_thanh_toan_gan_day.php HTTP/1.1" 200 73
::1 - - [07/Jan/2018:14:15:46 +0700] "GET /Coffee/bill/lay_danh_sach_hang_hoa_bang_ma_hoa_don.php?MA_HOA_DON_BAN_HANG=HD06_01_2018_23_22_49&_search=false&nd=1515309346891&rows=20&page=1&sidx=&sord=asc HTTP/1.1" 200 1101
::1 - - [07/Jan/2018:14:15:47 +0700] "GET /Coffee/bill/lay_danh_sach_hang_hoa_bang_ma_hoa_don.php?MA_HOA_DON_BAN_HANG=HD06_01_2018_23_22_49&_search=false&nd=1515309347067&rows=20&page=1&sidx=&sord=asc HTTP/1.1" 200 1101
::1 - - [07/Jan/2018:14:15:48 +0700] "GET /Coffee/bill/lay_danh_sach_hang_hoa_bang_ma_hoa_don.php?MA_HOA_DON_BAN_HANG=&_search=false&nd=1515309348724&rows=20&page=1&sidx=&sord=asc HTTP/1.1" 200 2
::1 - - [07/Jan/2018:14:15:49 +0700] "POST /Coffee/bill/lay_danh_sach_hoa_don.php HTTP/1.1" 200 83
::1 - - [07/Jan/2018:14:15:49 +0700] "POST /Coffee/bill/lay_danh_sach_ban_da_thanh_toan_gan_day.php HTTP/1.1" 200 73
::1 - - [07/Jan/2018:14:15:50 +0700] "POST /Coffee/bill/lay_danh_sach_hoa_don.php HTTP/1.1" 200 2
::1 - - [07/Jan/2018:14:15:50 +0700] "POST /Coffee/bill/lay_danh_sach_ban_da_thanh_toan_gan_day.php HTTP/1.1" 200 2
::1 - - [07/Jan/2018:14:15:50 +0700] "POST /Coffee/bill/lay_danh_sach_hoa_don.php HTTP/1.1" 200 83
::1 - - [07/Jan/2018:14:15:50 +0700] "POST /Coffee/bill/lay_danh_sach_ban_da_thanh_toan_gan_day.php HTTP/1.1" 200 73
::1 - - [07/Jan/2018:14:15:53 +0700] "GET /Coffee/bill/lay_danh_sach_hang_hoa_bang_ma_hoa_don.php?MA_HOA_DON_BAN_HANG=HD06_01_2018_23_22_49&_search=false&nd=1515309353195&rows=20&page=1&sidx=&sord=asc HTTP/1.1" 200 1101
::1 - - [07/Jan/2018:14:15:53 +0700] "GET /Coffee/bill/lay_danh_sach_hang_hoa_bang_ma_hoa_don.php?MA_HOA_DON_BAN_HANG=HD06_01_2018_23_22_49&_search=false&nd=1515309353363&rows=20&page=1&sidx=&sord=asc HTTP/1.1" 200 1101
::1 - - [07/Jan/2018:14:15:55 +0700] "GET /Coffee/bill/lay_danh_sach_hang_hoa_bang_ma_hoa_don.php?MA_HOA_DON_BAN_HANG=&_search=false&nd=1515309355355&rows=20&page=1&sidx=&sord=asc HTTP/1.1" 200 2
::1 - - [07/Jan/2018:14:15:55 +0700] "GET /Coffee/bill/lay_danh_sach_hang_hoa_bang_ma_hoa_don.php?MA_HOA_DON_BAN_HANG=HD06_01_2018_23_22_49&_search=false&nd=1515309355795&rows=20&page=1&sidx=&sord=asc HTTP/1.1" 200 1101
::1 - - [07/Jan/2018:14:15:58 +0700] "POST /Coffee/bill/them_hang_hoa_vao_hoa_don_ban_hang.php HTTP/1.1" 200 1
::1 - - [07/Jan/2018:14:15:58 +0700] "POST /Coffee/bill/lay_danh_sach_hoa_don.php HTTP/1.1" 200 83
::1 - - [07/Jan/2018:14:15:58 +0700] "POST /Coffee/bill/lay_danh_sach_ban_da_thanh_toan_gan_day.php HTTP/1.1" 200 73
::1 - - [07/Jan/2018:14:16:00 +0700] "GET /Coffee/bill/lay_danh_sach_hang_hoa_bang_ma_hoa_don.php?MA_HOA_DON_BAN_HANG=&_search=false&nd=1515309360788&rows=20&page=1&sidx=&sord=asc HTTP/1.1" 200 2
::1 - - [07/Jan/2018:14:16:01 +0700] "GET /Coffee/bill/lay_danh_sach_hang_hoa_bang_ma_hoa_don.php?MA_HOA_DON_BAN_HANG=HD06_01_2018_23_22_49&_search=false&nd=1515309361323&rows=20&page=1&sidx=&sord=asc HTTP/1.1" 200 1101
::1 - - [07/Jan/2018:14:16:02 +0700] "POST /Coffee/bill/lay_danh_sach_hoa_don.php HTTP/1.1" 200 83
::1 - - [07/Jan/2018:14:16:02 +0700] "POST /Coffee/bill/lay_danh_sach_ban_da_thanh_toan_gan_day.php HTTP/1.1" 200 73
::1 - - [07/Jan/2018:14:16:02 +0700] "POST /Coffee/bill/lay_danh_sach_hoa_don.php HTTP/1.1" 200 2
::1 - - [07/Jan/2018:14:16:02 +0700] "POST /Coffee/bill/lay_danh_sach_ban_da_thanh_toan_gan_day.php HTTP/1.1" 200 2
::1 - - [07/Jan/2018:14:16:02 +0700] "POST /Coffee/bill/lay_danh_sach_hoa_don.php HTTP/1.1" 200 83
::1 - - [07/Jan/2018:14:16:02 +0700] "POST /Coffee/bill/lay_danh_sach_ban_da_thanh_toan_gan_day.php HTTP/1.1" 200 73
::1 - - [07/Jan/2018:14:18:15 +0700] "POST /Coffee/bill/them_hang_hoa_vao_hoa_don_ban_hang.php HTTP/1.1" 200 1
::1 - - [07/Jan/2018:14:18:15 +0700] "POST /Coffee/bill/lay_danh_sach_hoa_don.php HTTP/1.1" 200 83
::1 - - [07/Jan/2018:14:18:15 +0700] "POST /Coffee/bill/lay_danh_sach_ban_da_thanh_toan_gan_day.php HTTP/1.1" 200 73
::1 - - [07/Jan/2018:14:18:19 +0700] "POST /Coffee/bill/lay_danh_sach_hoa_don.php HTTP/1.1" 200 2
::1 - - [07/Jan/2018:14:18:19 +0700] "POST /Coffee/bill/lay_danh_sach_ban_da_thanh_toan_gan_day.php HTTP/1.1" 200 2
::1 - - [07/Jan/2018:14:18:20 +0700] "POST /Coffee/bill/lay_danh_sach_hoa_don.php HTTP/1.1" 200 83
::1 - - [07/Jan/2018:14:18:20 +0700] "POST /Coffee/bill/lay_danh_sach_ban_da_thanh_toan_gan_day.php HTTP/1.1" 200 73
::1 - - [07/Jan/2018:14:19:10 +0700] "POST /Coffee/bill/them_hang_hoa_vao_hoa_don_ban_hang.php HTTP/1.1" 200 1
::1 - - [07/Jan/2018:14:19:10 +0700] "POST /Coffee/bill/lay_danh_sach_hoa_don.php HTTP/1.1" 200 83
::1 - - [07/Jan/2018:14:19:10 +0700] "POST /Coffee/bill/lay_danh_sach_ban_da_thanh_toan_gan_day.php HTTP/1.1" 200 73
::1 - - [07/Jan/2018:14:19:12 +0700] "GET /Coffee/bill/lay_danh_sach_hang_hoa_bang_ma_hoa_don.php?MA_HOA_DON_BAN_HANG=&_search=false&nd=1515309552259&rows=20&page=1&sidx=&sord=asc HTTP/1.1" 200 2
::1 - - [07/Jan/2018:14:19:13 +0700] "POST /Coffee/bill/them_hoa_don_ban_hang.php HTTP/1.1" 200 1
::1 - - [07/Jan/2018:14:19:13 +0700] "POST /Coffee/bill/lay_danh_sach_hoa_don.php HTTP/1.1" 200 162
::1 - - [07/Jan/2018:14:19:13 +0700] "POST /Coffee/bill/lay_danh_sach_ban_da_thanh_toan_gan_day.php HTTP/1.1" 200 73
::1 - - [07/Jan/2018:14:19:13 +0700] "POST /Coffee/bill/them_hang_hoa_vao_hoa_don_ban_hang.php HTTP/1.1" 200 1
::1 - - [07/Jan/2018:14:19:13 +0700] "GET /Coffee/bill/lay_danh_sach_hang_hoa_bang_ma_hoa_don.php?MA_HOA_DON_BAN_HANG=HD07_01_2018_14_19_13&_search=false&nd=1515309553254&rows=20&page=1&sidx=&sord=asc HTTP/1.1" 200 210
::1 - - [07/Jan/2018:14:19:13 +0700] "POST /Coffee/bill/lay_danh_sach_hoa_don.php HTTP/1.1" 200 166
::1 - - [07/Jan/2018:14:19:13 +0700] "POST /Coffee/bill/lay_danh_sach_ban_da_thanh_toan_gan_day.php HTTP/1.1" 200 73
::1 - - [07/Jan/2018:14:19:14 +0700] "POST /Coffee/bill/them_hang_hoa_vao_hoa_don_ban_hang.php HTTP/1.1" 200 1
::1 - - [07/Jan/2018:14:19:14 +0700] "POST /Coffee/bill/lay_danh_sach_hoa_don.php HTTP/1.1" 200 166
::1 - - [07/Jan/2018:14:19:14 +0700] "POST /Coffee/bill/lay_danh_sach_ban_da_thanh_toan_gan_day.php HTTP/1.1" 200 73
::1 - - [07/Jan/2018:14:19:15 +0700] "POST /Coffee/bill/them_hang_hoa_vao_hoa_don_ban_hang.php HTTP/1.1" 200 1
::1 - - [07/Jan/2018:14:19:15 +0700] "POST /Coffee/bill/lay_danh_sach_hoa_don.php HTTP/1.1" 200 166
::1 - - [07/Jan/2018:14:19:15 +0700] "POST /Coffee/bill/lay_danh_sach_ban_da_thanh_toan_gan_day.php HTTP/1.1" 200 73
::1 - - [07/Jan/2018:14:19:17 +0700] "POST /Coffee/bill/them_hang_hoa_vao_hoa_don_ban_hang.php HTTP/1.1" 200 1
::1 - - [07/Jan/2018:14:19:17 +0700] "POST /Coffee/bill/lay_danh_sach_hoa_don.php HTTP/1.1" 200 166
::1 - - [07/Jan/2018:14:19:17 +0700] "POST /Coffee/bill/lay_danh_sach_ban_da_thanh_toan_gan_day.php HTTP/1.1" 200 73
::1 - - [07/Jan/2018:14:19:48 +0700] "POST /Coffee/bill/them_hang_hoa_vao_hoa_don_ban_hang.php HTTP/1.1" 200 1
::1 - - [07/Jan/2018:14:19:48 +0700] "POST /Coffee/bill/lay_danh_sach_hoa_don.php HTTP/1.1" 200 166
::1 - - [07/Jan/2018:14:19:48 +0700] "POST /Coffee/bill/lay_danh_sach_ban_da_thanh_toan_gan_day.php HTTP/1.1" 200 73
::1 - - [07/Jan/2018:14:31:44 +0700] "GET /Coffee/bill/lay_danh_sach_hang_hoa_bang_ma_hoa_don.php?MA_HOA_DON_BAN_HANG=&_search=false&nd=1515310304122&rows=20&page=1&sidx=&sord=asc HTTP/1.1" 200 2
::1 - - [07/Jan/2018:14:31:44 +0700] "GET /Coffee/bill/lay_danh_sach_hang_hoa_bang_ma_hoa_don.php?MA_HOA_DON_BAN_HANG=&_search=false&nd=1515310304281&rows=20&page=1&sidx=&sord=asc HTTP/1.1" 200 2
::1 - - [07/Jan/2018:14:31:46 +0700] "GET /Coffee/bill/lay_danh_sach_hang_hoa_bang_ma_hoa_don.php?MA_HOA_DON_BAN_HANG=HD07_01_2018_14_19_13&_search=false&nd=1515310306034&rows=20&page=1&sidx=&sord=asc HTTP/1.1" 200 210
::1 - - [07/Jan/2018:14:31:46 +0700] "POST /Coffee/bill/them_hang_hoa_vao_hoa_don_ban_hang.php HTTP/1.1" 200 1
::1 - - [07/Jan/2018:14:31:47 +0700] "GET /Coffee/bill/lay_danh_sach_hang_hoa_bang_ma_hoa_don.php?MA_HOA_DON_BAN_HANG=HD07_01_2018_14_19_13&_search=false&nd=1515310307071&rows=20&page=1&sidx=&sord=asc HTTP/1.1" 200 426
::1 - - [07/Jan/2018:14:31:47 +0700] "POST /Coffee/bill/lay_danh_sach_hoa_don.php HTTP/1.1" 200 166
::1 - - [07/Jan/2018:14:31:47 +0700] "POST /Coffee/bill/lay_danh_sach_ban_da_thanh_toan_gan_day.php HTTP/1.1" 200 73
::1 - - [07/Jan/2018:14:31:47 +0700] "POST /Coffee/bill/them_hang_hoa_vao_hoa_don_ban_hang.php HTTP/1.1" 200 1
::1 - - [07/Jan/2018:14:31:47 +0700] "GET /Coffee/bill/lay_danh_sach_hang_hoa_bang_ma_hoa_don.php?MA_HOA_DON_BAN_HANG=HD07_01_2018_14_19_13&_search=false&nd=1515310307754&rows=20&page=1&sidx=&sord=asc HTTP/1.1" 200 634
::1 - - [07/Jan/2018:14:31:47 +0700] "POST /Coffee/bill/lay_danh_sach_hoa_don.php HTTP/1.1" 200 166
::1 - - [07/Jan/2018:14:31:47 +0700] "POST /Coffee/bill/lay_danh_sach_ban_da_thanh_toan_gan_day.php HTTP/1.1" 200 73
::1 - - [07/Jan/2018:14:31:48 +0700] "POST /Coffee/bill/them_hang_hoa_vao_hoa_don_ban_hang.php HTTP/1.1" 200 1
::1 - - [07/Jan/2018:14:31:48 +0700] "GET /Coffee/bill/lay_danh_sach_hang_hoa_bang_ma_hoa_don.php?MA_HOA_DON_BAN_HANG=HD07_01_2018_14_19_13&_search=false&nd=1515310308443&rows=20&page=1&sidx=&sord=asc HTTP/1.1" 200 849
::1 - - [07/Jan/2018:14:31:48 +0700] "POST /Coffee/bill/lay_danh_sach_hoa_don.php HTTP/1.1" 200 166
::1 - - [07/Jan/2018:14:31:48 +0700] "POST /Coffee/bill/lay_danh_sach_ban_da_thanh_toan_gan_day.php HTTP/1.1" 200 73
::1 - - [07/Jan/2018:14:31:49 +0700] "POST /Coffee/bill/them_hang_hoa_vao_hoa_don_ban_hang.php HTTP/1.1" 200 1
::1 - - [07/Jan/2018:14:31:49 +0700] "GET /Coffee/bill/lay_danh_sach_hang_hoa_bang_ma_hoa_don.php?MA_HOA_DON_BAN_HANG=HD07_01_2018_14_19_13&_search=false&nd=1515310309959&rows=20&page=1&sidx=&sord=asc HTTP/1.1" 200 1057
::1 - - [07/Jan/2018:14:31:49 +0700] "POST /Coffee/bill/lay_danh_sach_hoa_don.php HTTP/1.1" 200 166
::1 - - [07/Jan/2018:14:31:49 +0700] "POST /Coffee/bill/lay_danh_sach_ban_da_thanh_toan_gan_day.php HTTP/1.1" 200 73
::1 - - [07/Jan/2018:14:43:03 +0700] "GET /Coffee/bill/lay_danh_sach_hang_hoa_bang_ma_hoa_don.php?MA_HOA_DON_BAN_HANG=&_search=false&nd=1515310983945&rows=20&page=1&sidx=&sord=asc HTTP/1.1" 200 2
::1 - - [07/Jan/2018:14:43:04 +0700] "GET /Coffee/bill/lay_danh_sach_hang_hoa_bang_ma_hoa_don.php?MA_HOA_DON_BAN_HANG=&_search=false&nd=1515310984457&rows=20&page=1&sidx=&sord=asc HTTP/1.1" 200 2
::1 - - [07/Jan/2018:14:43:04 +0700] "GET /Coffee/bill/lay_danh_sach_hang_hoa_bang_ma_hoa_don.php?MA_HOA_DON_BAN_HANG=&_search=false&nd=1515310984761&rows=20&page=1&sidx=&sord=asc HTTP/1.1" 200 2
::1 - - [07/Jan/2018:14:43:05 +0700] "GET /Coffee/bill/lay_danh_sach_hang_hoa_bang_ma_hoa_don.php?MA_HOA_DON_BAN_HANG=HD07_01_2018_14_19_13&_search=false&nd=1515310985057&rows=20&page=1&sidx=&sord=asc HTTP/1.1" 200 1057
::1 - - [07/Jan/2018:14:43:05 +0700] "GET /Coffee/bill/lay_danh_sach_hang_hoa_bang_ma_hoa_don.php?MA_HOA_DON_BAN_HANG=&_search=false&nd=1515310985377&rows=20&page=1&sidx=&sord=asc HTTP/1.1" 200 2
::1 - - [07/Jan/2018:14:43:05 +0700] "GET /Coffee/bill/lay_danh_sach_hang_hoa_bang_ma_hoa_don.php?MA_HOA_DON_BAN_HANG=HD06_01_2018_23_22_49&_search=false&nd=1515310985897&rows=20&page=1&sidx=&sord=asc HTTP/1.1" 200 1101
::1 - - [07/Jan/2018:14:43:06 +0700] "GET /Coffee/bill/lay_danh_sach_hang_hoa_bang_ma_hoa_don.php?MA_HOA_DON_BAN_HANG=&_search=false&nd=1515310986313&rows=20&page=1&sidx=&sord=asc HTTP/1.1" 200 2
::1 - - [07/Jan/2018:14:43:06 +0700] "GET /Coffee/bill/lay_danh_sach_hang_hoa_bang_ma_hoa_don.php?MA_HOA_DON_BAN_HANG=HD06_01_2018_23_22_49&_search=false&nd=1515310986921&rows=20&page=1&sidx=&sord=asc HTTP/1.1" 200 1101
::1 - - [07/Jan/2018:14:43:07 +0700] "GET /Coffee/bill/lay_danh_sach_hang_hoa_bang_ma_hoa_don.php?MA_HOA_DON_BAN_HANG=HD07_01_2018_14_19_13&_search=false&nd=1515310987225&rows=20&page=1&sidx=&sord=asc HTTP/1.1" 200 1057
::1 - - [07/Jan/2018:14:43:12 +0700] "POST /Coffee/bill/lay_danh_sach_hoa_don.php HTTP/1.1" 200 2
::1 - - [07/Jan/2018:14:43:12 +0700] "POST /Coffee/bill/lay_danh_sach_ban_da_thanh_toan_gan_day.php HTTP/1.1" 200 2
::1 - - [07/Jan/2018:14:43:13 +0700] "POST /Coffee/bill/lay_danh_sach_hoa_don.php HTTP/1.1" 200 2
::1 - - [07/Jan/2018:14:43:13 +0700] "POST /Coffee/bill/lay_danh_sach_ban_da_thanh_toan_gan_day.php HTTP/1.1" 200 2
::1 - - [07/Jan/2018:14:43:13 +0700] "POST /Coffee/bill/lay_danh_sach_hoa_don.php HTTP/1.1" 200 2
::1 - - [07/Jan/2018:14:43:13 +0700] "POST /Coffee/bill/lay_danh_sach_ban_da_thanh_toan_gan_day.php HTTP/1.1" 200 2
::1 - - [07/Jan/2018:14:43:13 +0700] "POST /Coffee/bill/lay_danh_sach_hoa_don.php HTTP/1.1" 200 2
::1 - - [07/Jan/2018:14:43:13 +0700] "POST /Coffee/bill/lay_danh_sach_ban_da_thanh_toan_gan_day.php HTTP/1.1" 200 2
::1 - - [07/Jan/2018:14:43:14 +0700] "POST /Coffee/bill/lay_danh_sach_hoa_don.php HTTP/1.1" 200 166
::1 - - [07/Jan/2018:14:43:14 +0700] "POST /Coffee/bill/lay_danh_sach_ban_da_thanh_toan_gan_day.php HTTP/1.1" 200 73
::1 - - [07/Jan/2018:14:43:14 +0700] "GET /Coffee/bill/lay_danh_sach_hang_hoa_bang_ma_hoa_don.php?MA_HOA_DON_BAN_HANG=&_search=false&nd=1515310994681&rows=20&page=1&sidx=&sord=asc HTTP/1.1" 200 2
::1 - - [07/Jan/2018:14:43:15 +0700] "GET /Coffee/bill/lay_danh_sach_hang_hoa_bang_ma_hoa_don.php?MA_HOA_DON_BAN_HANG=&_search=false&nd=1515310995585&rows=20&page=1&sidx=&sord=asc HTTP/1.1" 200 2
::1 - - [07/Jan/2018:14:43:15 +0700] "GET /Coffee/bill/lay_danh_sach_hang_hoa_bang_ma_hoa_don.php?MA_HOA_DON_BAN_HANG=HD06_01_2018_23_22_49&_search=false&nd=1515310995962&rows=20&page=1&sidx=&sord=asc HTTP/1.1" 200 1101
::1 - - [07/Jan/2018:14:43:16 +0700] "GET /Coffee/bill/lay_danh_sach_hang_hoa_bang_ma_hoa_don.php?MA_HOA_DON_BAN_HANG=&_search=false&nd=1515310996305&rows=20&page=1&sidx=&sord=asc HTTP/1.1" 200 2
::1 - - [07/Jan/2018:14:43:16 +0700] "GET /Coffee/bill/lay_danh_sach_hang_hoa_bang_ma_hoa_don.php?MA_HOA_DON_BAN_HANG=&_search=false&nd=1515310996961&rows=20&page=1&sidx=&sord=asc HTTP/1.1" 200 2
::1 - - [07/Jan/2018:14:43:23 +0700] "POST /Coffee/bill/them_hoa_don_ban_hang.php HTTP/1.1" 200 1
::1 - - [07/Jan/2018:14:43:24 +0700] "POST /Coffee/bill/lay_danh_sach_hoa_don.php HTTP/1.1" 200 245
::1 - - [07/Jan/2018:14:43:24 +0700] "POST /Coffee/bill/lay_danh_sach_ban_da_thanh_toan_gan_day.php HTTP/1.1" 200 73
::1 - - [07/Jan/2018:14:43:24 +0700] "POST /Coffee/bill/them_hang_hoa_vao_hoa_don_ban_hang.php HTTP/1.1" 200 1
::1 - - [07/Jan/2018:14:43:24 +0700] "GET /Coffee/bill/lay_danh_sach_hang_hoa_bang_ma_hoa_don.php?MA_HOA_DON_BAN_HANG=HD07_01_2018_14_43_23&_search=false&nd=1515311004209&rows=20&page=1&sidx=&sord=asc HTTP/1.1" 200 211
::1 - - [07/Jan/2018:14:43:24 +0700] "POST /Coffee/bill/lay_danh_sach_hoa_don.php HTTP/1.1" 200 248
::1 - - [07/Jan/2018:14:43:24 +0700] "POST /Coffee/bill/lay_danh_sach_ban_da_thanh_toan_gan_day.php HTTP/1.1" 200 73
::1 - - [07/Jan/2018:14:43:24 +0700] "POST /Coffee/bill/them_hang_hoa_vao_hoa_don_ban_hang.php HTTP/1.1" 200 1
::1 - - [07/Jan/2018:14:43:24 +0700] "GET /Coffee/bill/lay_danh_sach_hang_hoa_bang_ma_hoa_don.php?MA_HOA_DON_BAN_HANG=HD07_01_2018_14_43_23&_search=false&nd=1515311004608&rows=20&page=1&sidx=&sord=asc HTTP/1.1" 200 420
::1 - - [07/Jan/2018:14:43:24 +0700] "POST /Coffee/bill/lay_danh_sach_hoa_don.php HTTP/1.1" 200 249
::1 - - [07/Jan/2018:14:43:24 +0700] "POST /Coffee/bill/lay_danh_sach_ban_da_thanh_toan_gan_day.php HTTP/1.1" 200 73
::1 - - [07/Jan/2018:14:43:25 +0700] "GET /Coffee/bill/lay_danh_sach_hang_hoa_bang_ma_hoa_don.php?MA_HOA_DON_BAN_HANG=HD07_01_2018_14_19_13&_search=false&nd=1515311005545&rows=20&page=1&sidx=&sord=asc HTTP/1.1" 200 1057
::1 - - [07/Jan/2018:14:43:25 +0700] "GET /Coffee/bill/lay_danh_sach_hang_hoa_bang_ma_hoa_don.php?MA_HOA_DON_BAN_HANG=HD07_01_2018_14_19_13&_search=false&nd=1515311005689&rows=20&page=1&sidx=&sord=asc HTTP/1.1" 200 1057
::1 - - [07/Jan/2018:14:45:23 +0700] "POST /Coffee/bill/them_hang_hoa_vao_hoa_don_ban_hang.php HTTP/1.1" 200 1
::1 - - [07/Jan/2018:14:45:23 +0700] "GET /Coffee/bill/lay_danh_sach_hang_hoa_bang_ma_hoa_don.php?MA_HOA_DON_BAN_HANG=HD07_01_2018_14_19_13&_search=false&nd=1515311123376&rows=20&page=1&sidx=&sord=asc HTTP/1.1" 200 1266
::1 - - [07/Jan/2018:14:45:23 +0700] "POST /Coffee/bill/lay_danh_sach_hoa_don.php HTTP/1.1" 200 249
::1 - - [07/Jan/2018:14:45:23 +0700] "POST /Coffee/bill/lay_danh_sach_ban_da_thanh_toan_gan_day.php HTTP/1.1" 200 73
::1 - - [07/Jan/2018:14:45:24 +0700] "POST /Coffee/bill/them_hang_hoa_vao_hoa_don_ban_hang.php HTTP/1.1" 200 1
::1 - - [07/Jan/2018:14:45:24 +0700] "GET /Coffee/bill/lay_danh_sach_hang_hoa_bang_ma_hoa_don.php?MA_HOA_DON_BAN_HANG=HD07_01_2018_14_19_13&_search=false&nd=1515311124122&rows=20&page=1&sidx=&sord=asc HTTP/1.1" 200 1482
::1 - - [07/Jan/2018:14:45:24 +0700] "POST /Coffee/bill/lay_danh_sach_hoa_don.php HTTP/1.1" 200 249
::1 - - [07/Jan/2018:14:45:24 +0700] "POST /Coffee/bill/lay_danh_sach_ban_da_thanh_toan_gan_day.php HTTP/1.1" 200 73
::1 - - [07/Jan/2018:14:45:26 +0700] "POST /Coffee/bill/them_hang_hoa_vao_hoa_don_ban_hang.php HTTP/1.1" 200 1
::1 - - [07/Jan/2018:14:45:26 +0700] "GET /Coffee/bill/lay_danh_sach_hang_hoa_bang_ma_hoa_don.php?MA_HOA_DON_BAN_HANG=HD07_01_2018_14_19_13&_search=false&nd=1515311126216&rows=20&page=1&sidx=&sord=asc HTTP/1.1" 200 1698
::1 - - [07/Jan/2018:14:45:26 +0700] "POST /Coffee/bill/lay_danh_sach_hoa_don.php HTTP/1.1" 200 249
::1 - - [07/Jan/2018:14:45:26 +0700] "POST /Coffee/bill/lay_danh_sach_ban_da_thanh_toan_gan_day.php HTTP/1.1" 200 73
::1 - - [07/Jan/2018:14:45:26 +0700] "POST /Coffee/bill/them_hang_hoa_vao_hoa_don_ban_hang.php HTTP/1.1" 200 1
::1 - - [07/Jan/2018:14:45:26 +0700] "GET /Coffee/bill/lay_danh_sach_hang_hoa_bang_ma_hoa_don.php?MA_HOA_DON_BAN_HANG=HD07_01_2018_14_19_13&_search=false&nd=1515311126883&rows=20&page=1&sidx=&sord=asc HTTP/1.1" 200 1914
::1 - - [07/Jan/2018:14:45:26 +0700] "POST /Coffee/bill/lay_danh_sach_hoa_don.php HTTP/1.1" 200 250
::1 - - [07/Jan/2018:14:45:26 +0700] "POST /Coffee/bill/lay_danh_sach_ban_da_thanh_toan_gan_day.php HTTP/1.1" 200 73
::1 - - [07/Jan/2018:14:45:27 +0700] "POST /Coffee/bill/them_hang_hoa_vao_hoa_don_ban_hang.php HTTP/1.1" 200 1
::1 - - [07/Jan/2018:14:45:27 +0700] "GET /Coffee/bill/lay_danh_sach_hang_hoa_bang_ma_hoa_don.php?MA_HOA_DON_BAN_HANG=HD07_01_2018_14_19_13&_search=false&nd=1515311127545&rows=20&page=1&sidx=&sord=asc HTTP/1.1" 200 2130
::1 - - [07/Jan/2018:14:45:27 +0700] "POST /Coffee/bill/lay_danh_sach_hoa_don.php HTTP/1.1" 200 250
::1 - - [07/Jan/2018:14:45:27 +0700] "POST /Coffee/bill/lay_danh_sach_ban_da_thanh_toan_gan_day.php HTTP/1.1" 200 73
::1 - - [07/Jan/2018:14:45:31 +0700] "GET /Coffee/bill/lay_danh_sach_hang_hoa_bang_ma_hoa_don.php?MA_HOA_DON_BAN_HANG=&_search=false&nd=1515311131017&rows=20&page=1&sidx=&sord=asc HTTP/1.1" 200 2
::1 - - [07/Jan/2018:14:45:31 +0700] "GET /Coffee/bill/lay_danh_sach_hang_hoa_bang_ma_hoa_don.php?MA_HOA_DON_BAN_HANG=HD06_01_2018_23_22_49&_search=false&nd=1515311131441&rows=20&page=1&sidx=&sord=asc HTTP/1.1" 200 1101
::1 - - [07/Jan/2018:14:45:31 +0700] "GET /Coffee/bill/lay_danh_sach_hang_hoa_bang_ma_hoa_don.php?MA_HOA_DON_BAN_HANG=&_search=false&nd=1515311131777&rows=20&page=1&sidx=&sord=asc HTTP/1.1" 200 2
::1 - - [07/Jan/2018:14:45:32 +0700] "GET /Coffee/bill/lay_danh_sach_hang_hoa_bang_ma_hoa_don.php?MA_HOA_DON_BAN_HANG=&_search=false&nd=1515311132057&rows=20&page=1&sidx=&sord=asc HTTP/1.1" 200 2
::1 - - [07/Jan/2018:14:45:32 +0700] "GET /Coffee/bill/lay_danh_sach_hang_hoa_bang_ma_hoa_don.php?MA_HOA_DON_BAN_HANG=HD07_01_2018_14_19_13&_search=false&nd=1515311132433&rows=20&page=1&sidx=&sord=asc HTTP/1.1" 200 2130
::1 - - [07/Jan/2018:14:45:32 +0700] "GET /Coffee/bill/lay_danh_sach_hang_hoa_bang_ma_hoa_don.php?MA_HOA_DON_BAN_HANG=HD07_01_2018_14_43_23&_search=false&nd=1515311132809&rows=20&page=1&sidx=&sord=asc HTTP/1.1" 200 420
::1 - - [07/Jan/2018:14:45:33 +0700] "GET /Coffee/bill/lay_danh_sach_hang_hoa_bang_ma_hoa_don.php?MA_HOA_DON_BAN_HANG=HD07_01_2018_14_19_13&_search=false&nd=1515311133264&rows=20&page=1&sidx=&sord=asc HTTP/1.1" 200 2130
::1 - - [07/Jan/2018:14:45:44 +0700] "POST /Coffee/bill/cap_nhat_hang_hoa_trong_hoa_don_ban_hang.php HTTP/1.1" 200 1
::1 - - [07/Jan/2018:14:45:44 +0700] "GET /Coffee/bill/lay_danh_sach_hang_hoa_bang_ma_hoa_don.php?MA_HOA_DON_BAN_HANG=HD07_01_2018_14_19_13&_search=false&nd=1515311144546&rows=20&page=1&sidx=&sord=asc HTTP/1.1" 200 2130
::1 - - [07/Jan/2018:14:45:44 +0700] "POST /Coffee/bill/lay_danh_sach_hoa_don.php HTTP/1.1" 200 250
::1 - - [07/Jan/2018:14:45:44 +0700] "POST /Coffee/bill/lay_danh_sach_ban_da_thanh_toan_gan_day.php HTTP/1.1" 200 73
::1 - - [07/Jan/2018:14:45:46 +0700] "GET /Coffee/bill/lay_danh_sach_hang_hoa_bang_ma_hoa_don.php?MA_HOA_DON_BAN_HANG=HD07_01_2018_14_19_13 HTTP/1.1" 200 2130
::1 - - [07/Jan/2018:14:45:54 +0700] "GET /Coffee/bill/lay_danh_sach_hang_hoa_bang_ma_hoa_don.php?MA_HOA_DON_BAN_HANG=HD07_01_2018_14_19_13 HTTP/1.1" 200 2130
