[Sun Jan 07 13:47:24 2018] [notice] Apache/2.2.21 (Win32) PHP/5.3.9 configured -- resuming normal operations
[Sun Jan 07 13:47:24 2018] [notice] Server built: Sep 10 2011 11:34:11
[Sun Jan 07 13:47:24 2018] [notice] Parent: Created child process 10192
[Sun Jan 07 13:47:25 2018] [notice] Child 10192: Child process is running
[Sun Jan 07 13:47:25 2018] [notice] Child 10192: Acquired the start mutex.
[Sun Jan 07 13:47:25 2018] [notice] Child 10192: Starting 64 worker threads.
[Sun Jan 07 13:47:25 2018] [notice] Child 10192: Starting thread to listen on port 8080.
[Sun Jan 07 13:47:25 2018] [notice] Child 10192: Starting thread to listen on port 8080.
[Sun Jan 07 13:49:19 2018] [error] [client ::1] PHP Warning:  mysqli_connect() [<a href='function.mysqli-connect'>function.mysqli-connect</a>]: (42000/1049): Unknown database 'coffeebusiness2' in D:\\Coffee_2018\\cf123\\USBWebserver v8.5\\8.5\\root\\Coffee\\item\\lay_danh_sach_hang_hoa.php on line 2, referer: http://localhost:8080/Coffee/
[Sun Jan 07 13:49:19 2018] [error] [client ::1] PHP Warning:  mysqli_query() expects parameter 1 to be mysqli, boolean given in D:\\Coffee_2018\\cf123\\USBWebserver v8.5\\8.5\\root\\Coffee\\item\\lay_danh_sach_hang_hoa.php on line 3, referer: http://localhost:8080/Coffee/
[Sun Jan 07 13:49:19 2018] [error] [client ::1] PHP Warning:  mysqli_query() expects parameter 1 to be mysqli, boolean given in D:\\Coffee_2018\\cf123\\USBWebserver v8.5\\8.5\\root\\Coffee\\item\\lay_danh_sach_hang_hoa.php on line 4, referer: http://localhost:8080/Coffee/
[Sun Jan 07 13:49:19 2018] [error] [client ::1] PHP Warning:  mysqli_query() expects parameter 1 to be mysqli, boolean given in D:\\Coffee_2018\\cf123\\USBWebserver v8.5\\8.5\\root\\Coffee\\item\\lay_danh_sach_hang_hoa.php on line 5, referer: http://localhost:8080/Coffee/
[Sun Jan 07 13:49:19 2018] [error] [client ::1] PHP Warning:  mysqli_query() expects parameter 1 to be mysqli, boolean given in D:\\Coffee_2018\\cf123\\USBWebserver v8.5\\8.5\\root\\Coffee\\item\\lay_danh_sach_hang_hoa.php on line 6, referer: http://localhost:8080/Coffee/
[Sun Jan 07 13:49:19 2018] [error] [client ::1] PHP Warning:  mysqli_error() expects parameter 1 to be mysqli, boolean given in D:\\Coffee_2018\\cf123\\USBWebserver v8.5\\8.5\\root\\Coffee\\item\\lay_danh_sach_hang_hoa.php on line 6, referer: http://localhost:8080/Coffee/
[Sun Jan 07 13:49:19 2018] [error] [client ::1] PHP Warning:  mysqli_connect() [<a href='function.mysqli-connect'>function.mysqli-connect</a>]: (42000/1049): Unknown database 'coffeebusiness2' in D:\\Coffee_2018\\cf123\\USBWebserver v8.5\\8.5\\root\\Coffee\\bill\\lay_danh_sach_hoa_don.php on line 4, referer: http://localhost:8080/Coffee/
[Sun Jan 07 13:49:19 2018] [error] [client ::1] PHP Warning:  mysqli_query() expects parameter 1 to be mysqli, boolean given in D:\\Coffee_2018\\cf123\\USBWebserver v8.5\\8.5\\root\\Coffee\\bill\\lay_danh_sach_hoa_don.php on line 5, referer: http://localhost:8080/Coffee/
[Sun Jan 07 13:49:19 2018] [error] [client ::1] PHP Warning:  mysqli_error() expects parameter 1 to be mysqli, boolean given in D:\\Coffee_2018\\cf123\\USBWebserver v8.5\\8.5\\root\\Coffee\\bill\\lay_danh_sach_hoa_don.php on line 5, referer: http://localhost:8080/Coffee/
[Sun Jan 07 13:49:19 2018] [error] [client ::1] File does not exist: D:/Coffee_2018/cf123/USBWebserver v8.5/8.5/root/favicon.ico, referer: http://localhost:8080/Coffee/
[Sun Jan 07 13:49:25 2018] [error] [client ::1] PHP Warning:  mysqli_connect() [<a href='function.mysqli-connect'>function.mysqli-connect</a>]: (42000/1049): Unknown database 'coffeebusiness2' in D:\\Coffee_2018\\cf123\\USBWebserver v8.5\\8.5\\root\\Coffee\\bill\\lay_danh_sach_hoa_don.php on line 4, referer: http://localhost:8080/Coffee/
[Sun Jan 07 13:49:25 2018] [error] [client ::1] PHP Warning:  mysqli_query() expects parameter 1 to be mysqli, boolean given in D:\\Coffee_2018\\cf123\\USBWebserver v8.5\\8.5\\root\\Coffee\\bill\\lay_danh_sach_hoa_don.php on line 5, referer: http://localhost:8080/Coffee/
[Sun Jan 07 13:49:25 2018] [error] [client ::1] PHP Warning:  mysqli_error() expects parameter 1 to be mysqli, boolean given in D:\\Coffee_2018\\cf123\\USBWebserver v8.5\\8.5\\root\\Coffee\\bill\\lay_danh_sach_hoa_don.php on line 5, referer: http://localhost:8080/Coffee/
[Sun Jan 07 13:49:25 2018] [error] [client ::1] PHP Warning:  mysqli_connect() [<a href='function.mysqli-connect'>function.mysqli-connect</a>]: (42000/1049): Unknown database 'coffeebusiness2' in D:\\Coffee_2018\\cf123\\USBWebserver v8.5\\8.5\\root\\Coffee\\bill\\lay_danh_sach_hoa_don.php on line 4, referer: http://localhost:8080/Coffee/
[Sun Jan 07 13:49:25 2018] [error] [client ::1] PHP Warning:  mysqli_query() expects parameter 1 to be mysqli, boolean given in D:\\Coffee_2018\\cf123\\USBWebserver v8.5\\8.5\\root\\Coffee\\bill\\lay_danh_sach_hoa_don.php on line 5, referer: http://localhost:8080/Coffee/
[Sun Jan 07 13:49:25 2018] [error] [client ::1] PHP Warning:  mysqli_error() expects parameter 1 to be mysqli, boolean given in D:\\Coffee_2018\\cf123\\USBWebserver v8.5\\8.5\\root\\Coffee\\bill\\lay_danh_sach_hoa_don.php on line 5, referer: http://localhost:8080/Coffee/
[Sun Jan 07 13:49:25 2018] [error] [client ::1] PHP Warning:  mysqli_connect() [<a href='function.mysqli-connect'>function.mysqli-connect</a>]: (42000/1049): Unknown database 'coffeebusiness2' in D:\\Coffee_2018\\cf123\\USBWebserver v8.5\\8.5\\root\\Coffee\\bill\\lay_danh_sach_hoa_don.php on line 4, referer: http://localhost:8080/Coffee/
[Sun Jan 07 13:49:25 2018] [error] [client ::1] PHP Warning:  mysqli_query() expects parameter 1 to be mysqli, boolean given in D:\\Coffee_2018\\cf123\\USBWebserver v8.5\\8.5\\root\\Coffee\\bill\\lay_danh_sach_hoa_don.php on line 5, referer: http://localhost:8080/Coffee/
[Sun Jan 07 13:49:25 2018] [error] [client ::1] PHP Warning:  mysqli_error() expects parameter 1 to be mysqli, boolean given in D:\\Coffee_2018\\cf123\\USBWebserver v8.5\\8.5\\root\\Coffee\\bill\\lay_danh_sach_hoa_don.php on line 5, referer: http://localhost:8080/Coffee/
[Sun Jan 07 13:49:26 2018] [error] [client ::1] PHP Warning:  mysqli_connect() [<a href='function.mysqli-connect'>function.mysqli-connect</a>]: (42000/1049): Unknown database 'coffeebusiness2' in D:\\Coffee_2018\\cf123\\USBWebserver v8.5\\8.5\\root\\Coffee\\bill\\lay_danh_sach_hoa_don.php on line 4, referer: http://localhost:8080/Coffee/
[Sun Jan 07 13:49:26 2018] [error] [client ::1] PHP Warning:  mysqli_query() expects parameter 1 to be mysqli, boolean given in D:\\Coffee_2018\\cf123\\USBWebserver v8.5\\8.5\\root\\Coffee\\bill\\lay_danh_sach_hoa_don.php on line 5, referer: http://localhost:8080/Coffee/
[Sun Jan 07 13:49:26 2018] [error] [client ::1] PHP Warning:  mysqli_error() expects parameter 1 to be mysqli, boolean given in D:\\Coffee_2018\\cf123\\USBWebserver v8.5\\8.5\\root\\Coffee\\bill\\lay_danh_sach_hoa_don.php on line 5, referer: http://localhost:8080/Coffee/
[Sun Jan 07 13:50:07 2018] [warn] pid file D:/Coffee_2018/cf123/USBWebserver v8.5/8.5/apache2/logs/httpd.pid overwritten -- Unclean shutdown of previous Apache run?
[Sun Jan 07 13:50:07 2018] [notice] Apache/2.2.21 (Win32) PHP/5.3.9 configured -- resuming normal operations
[Sun Jan 07 13:50:07 2018] [notice] Server built: Sep 10 2011 11:34:11
[Sun Jan 07 13:50:07 2018] [notice] Parent: Created child process 7112
[Sun Jan 07 13:50:08 2018] [notice] Child 7112: Child process is running
[Sun Jan 07 13:50:08 2018] [notice] Child 7112: Acquired the start mutex.
[Sun Jan 07 13:50:08 2018] [notice] Child 7112: Starting 64 worker threads.
[Sun Jan 07 13:50:08 2018] [notice] Child 7112: Starting thread to listen on port 8080.
[Sun Jan 07 13:50:08 2018] [notice] Child 7112: Starting thread to listen on port 8080.
[Sun Jan 07 13:50:10 2018] [error] [client ::1] PHP Warning:  mysqli_connect() [<a href='function.mysqli-connect'>function.mysqli-connect</a>]: (42000/1049): Unknown database 'coffeebusiness2' in D:\\Coffee_2018\\cf123\\USBWebserver v8.5\\8.5\\root\\Coffee\\item\\lay_danh_sach_hang_hoa.php on line 2, referer: http://localhost:8080/Coffee/
[Sun Jan 07 13:50:10 2018] [error] [client ::1] PHP Warning:  mysqli_query() expects parameter 1 to be mysqli, boolean given in D:\\Coffee_2018\\cf123\\USBWebserver v8.5\\8.5\\root\\Coffee\\item\\lay_danh_sach_hang_hoa.php on line 3, referer: http://localhost:8080/Coffee/
[Sun Jan 07 13:50:10 2018] [error] [client ::1] PHP Warning:  mysqli_query() expects parameter 1 to be mysqli, boolean given in D:\\Coffee_2018\\cf123\\USBWebserver v8.5\\8.5\\root\\Coffee\\item\\lay_danh_sach_hang_hoa.php on line 4, referer: http://localhost:8080/Coffee/
[Sun Jan 07 13:50:10 2018] [error] [client ::1] PHP Warning:  mysqli_query() expects parameter 1 to be mysqli, boolean given in D:\\Coffee_2018\\cf123\\USBWebserver v8.5\\8.5\\root\\Coffee\\item\\lay_danh_sach_hang_hoa.php on line 5, referer: http://localhost:8080/Coffee/
[Sun Jan 07 13:50:10 2018] [error] [client ::1] PHP Warning:  mysqli_query() expects parameter 1 to be mysqli, boolean given in D:\\Coffee_2018\\cf123\\USBWebserver v8.5\\8.5\\root\\Coffee\\item\\lay_danh_sach_hang_hoa.php on line 6, referer: http://localhost:8080/Coffee/
[Sun Jan 07 13:50:10 2018] [error] [client ::1] PHP Warning:  mysqli_error() expects parameter 1 to be mysqli, boolean given in D:\\Coffee_2018\\cf123\\USBWebserver v8.5\\8.5\\root\\Coffee\\item\\lay_danh_sach_hang_hoa.php on line 6, referer: http://localhost:8080/Coffee/
[Sun Jan 07 13:50:10 2018] [error] [client ::1] PHP Warning:  mysqli_connect() [<a href='function.mysqli-connect'>function.mysqli-connect</a>]: (42000/1049): Unknown database 'coffeebusiness2' in D:\\Coffee_2018\\cf123\\USBWebserver v8.5\\8.5\\root\\Coffee\\bill\\lay_danh_sach_hoa_don.php on line 4, referer: http://localhost:8080/Coffee/
[Sun Jan 07 13:50:10 2018] [error] [client ::1] PHP Warning:  mysqli_query() expects parameter 1 to be mysqli, boolean given in D:\\Coffee_2018\\cf123\\USBWebserver v8.5\\8.5\\root\\Coffee\\bill\\lay_danh_sach_hoa_don.php on line 5, referer: http://localhost:8080/Coffee/
[Sun Jan 07 13:50:10 2018] [error] [client ::1] PHP Warning:  mysqli_error() expects parameter 1 to be mysqli, boolean given in D:\\Coffee_2018\\cf123\\USBWebserver v8.5\\8.5\\root\\Coffee\\bill\\lay_danh_sach_hoa_don.php on line 5, referer: http://localhost:8080/Coffee/
[Sun Jan 07 13:53:08 2018] [warn] pid file D:/Coffee_2018/cf123/USBWebserver v8.5/8.5/apache2/logs/httpd.pid overwritten -- Unclean shutdown of previous Apache run?
[Sun Jan 07 13:53:08 2018] [notice] Apache/2.2.21 (Win32) PHP/5.3.9 configured -- resuming normal operations
[Sun Jan 07 13:53:08 2018] [notice] Server built: Sep 10 2011 11:34:11
[Sun Jan 07 13:53:08 2018] [notice] Parent: Created child process 936
[Sun Jan 07 13:53:09 2018] [notice] Child 936: Child process is running
[Sun Jan 07 13:53:09 2018] [notice] Child 936: Acquired the start mutex.
[Sun Jan 07 13:53:09 2018] [notice] Child 936: Starting 64 worker threads.
[Sun Jan 07 13:53:09 2018] [notice] Child 936: Starting thread to listen on port 8080.
[Sun Jan 07 13:53:09 2018] [notice] Child 936: Starting thread to listen on port 8080.
[Sun Jan 07 14:02:59 2018] [warn] pid file D:/Coffee_2018/cf123/USBWebserver v8.5/8.5/apache2/logs/httpd.pid overwritten -- Unclean shutdown of previous Apache run?
[Sun Jan 07 14:03:00 2018] [notice] Apache/2.2.21 (Win32) PHP/5.3.9 configured -- resuming normal operations
[Sun Jan 07 14:03:00 2018] [notice] Server built: Sep 10 2011 11:34:11
[Sun Jan 07 14:03:00 2018] [notice] Parent: Created child process 8168
[Sun Jan 07 14:03:00 2018] [notice] Child 8168: Child process is running
[Sun Jan 07 14:03:00 2018] [notice] Child 8168: Acquired the start mutex.
[Sun Jan 07 14:03:00 2018] [notice] Child 8168: Starting 64 worker threads.
[Sun Jan 07 14:03:00 2018] [notice] Child 8168: Starting thread to listen on port 8080.
[Sun Jan 07 14:03:00 2018] [notice] Child 8168: Starting thread to listen on port 8080.
[Sun Jan 07 14:03:30 2018] [error] [client ::1] PHP Warning:  mysqli_connect() [<a href='function.mysqli-connect'>function.mysqli-connect</a>]: (42000/1049): Unknown database 'coffeebusiness2' in D:\\Coffee_2018\\cf123\\USBWebserver v8.5\\8.5\\root\\Coffee\\bill\\lay_danh_sach_hang_hoa_bang_ma_hoa_don.php on line 4, referer: http://localhost:8080/Coffee/
[Sun Jan 07 14:03:30 2018] [error] [client ::1] PHP Warning:  mysqli_query() expects parameter 1 to be mysqli, boolean given in D:\\Coffee_2018\\cf123\\USBWebserver v8.5\\8.5\\root\\Coffee\\bill\\lay_danh_sach_hang_hoa_bang_ma_hoa_don.php on line 5, referer: http://localhost:8080/Coffee/
[Sun Jan 07 14:03:30 2018] [error] [client ::1] PHP Warning:  mysqli_query() expects parameter 1 to be mysqli, boolean given in D:\\Coffee_2018\\cf123\\USBWebserver v8.5\\8.5\\root\\Coffee\\bill\\lay_danh_sach_hang_hoa_bang_ma_hoa_don.php on line 6, referer: http://localhost:8080/Coffee/
[Sun Jan 07 14:03:30 2018] [error] [client ::1] PHP Warning:  mysqli_query() expects parameter 1 to be mysqli, boolean given in D:\\Coffee_2018\\cf123\\USBWebserver v8.5\\8.5\\root\\Coffee\\bill\\lay_danh_sach_hang_hoa_bang_ma_hoa_don.php on line 7, referer: http://localhost:8080/Coffee/
[Sun Jan 07 14:03:30 2018] [error] [client ::1] PHP Warning:  mysqli_query() expects parameter 1 to be mysqli, boolean given in D:\\Coffee_2018\\cf123\\USBWebserver v8.5\\8.5\\root\\Coffee\\bill\\lay_danh_sach_hang_hoa_bang_ma_hoa_don.php on line 9, referer: http://localhost:8080/Coffee/
[Sun Jan 07 14:03:30 2018] [error] [client ::1] PHP Warning:  mysqli_error() expects parameter 1 to be mysqli, boolean given in D:\\Coffee_2018\\cf123\\USBWebserver v8.5\\8.5\\root\\Coffee\\bill\\lay_danh_sach_hang_hoa_bang_ma_hoa_don.php on line 9, referer: http://localhost:8080/Coffee/
[Sun Jan 07 14:03:31 2018] [error] [client ::1] PHP Warning:  mysqli_connect() [<a href='function.mysqli-connect'>function.mysqli-connect</a>]: (42000/1049): Unknown database 'coffeebusiness2' in D:\\Coffee_2018\\cf123\\USBWebserver v8.5\\8.5\\root\\Coffee\\bill\\lay_danh_sach_hang_hoa_bang_ma_hoa_don.php on line 4, referer: http://localhost:8080/Coffee/
[Sun Jan 07 14:03:31 2018] [error] [client ::1] PHP Warning:  mysqli_query() expects parameter 1 to be mysqli, boolean given in D:\\Coffee_2018\\cf123\\USBWebserver v8.5\\8.5\\root\\Coffee\\bill\\lay_danh_sach_hang_hoa_bang_ma_hoa_don.php on line 5, referer: http://localhost:8080/Coffee/
[Sun Jan 07 14:03:31 2018] [error] [client ::1] PHP Warning:  mysqli_query() expects parameter 1 to be mysqli, boolean given in D:\\Coffee_2018\\cf123\\USBWebserver v8.5\\8.5\\root\\Coffee\\bill\\lay_danh_sach_hang_hoa_bang_ma_hoa_don.php on line 6, referer: http://localhost:8080/Coffee/
[Sun Jan 07 14:03:31 2018] [error] [client ::1] PHP Warning:  mysqli_query() expects parameter 1 to be mysqli, boolean given in D:\\Coffee_2018\\cf123\\USBWebserver v8.5\\8.5\\root\\Coffee\\bill\\lay_danh_sach_hang_hoa_bang_ma_hoa_don.php on line 7, referer: http://localhost:8080/Coffee/
[Sun Jan 07 14:03:31 2018] [error] [client ::1] PHP Warning:  mysqli_query() expects parameter 1 to be mysqli, boolean given in D:\\Coffee_2018\\cf123\\USBWebserver v8.5\\8.5\\root\\Coffee\\bill\\lay_danh_sach_hang_hoa_bang_ma_hoa_don.php on line 9, referer: http://localhost:8080/Coffee/
[Sun Jan 07 14:03:31 2018] [error] [client ::1] PHP Warning:  mysqli_error() expects parameter 1 to be mysqli, boolean given in D:\\Coffee_2018\\cf123\\USBWebserver v8.5\\8.5\\root\\Coffee\\bill\\lay_danh_sach_hang_hoa_bang_ma_hoa_don.php on line 9, referer: http://localhost:8080/Coffee/
[Sun Jan 07 14:03:32 2018] [error] [client ::1] PHP Warning:  mysqli_connect() [<a href='function.mysqli-connect'>function.mysqli-connect</a>]: (42000/1049): Unknown database 'coffeebusiness2' in D:\\Coffee_2018\\cf123\\USBWebserver v8.5\\8.5\\root\\Coffee\\item\\lay_danh_sach_hang_hoa.php on line 2, referer: http://localhost:8080/Coffee/
[Sun Jan 07 14:03:32 2018] [error] [client ::1] PHP Warning:  mysqli_query() expects parameter 1 to be mysqli, boolean given in D:\\Coffee_2018\\cf123\\USBWebserver v8.5\\8.5\\root\\Coffee\\item\\lay_danh_sach_hang_hoa.php on line 3, referer: http://localhost:8080/Coffee/
[Sun Jan 07 14:03:32 2018] [error] [client ::1] PHP Warning:  mysqli_query() expects parameter 1 to be mysqli, boolean given in D:\\Coffee_2018\\cf123\\USBWebserver v8.5\\8.5\\root\\Coffee\\item\\lay_danh_sach_hang_hoa.php on line 4, referer: http://localhost:8080/Coffee/
[Sun Jan 07 14:03:32 2018] [error] [client ::1] PHP Warning:  mysqli_query() expects parameter 1 to be mysqli, boolean given in D:\\Coffee_2018\\cf123\\USBWebserver v8.5\\8.5\\root\\Coffee\\item\\lay_danh_sach_hang_hoa.php on line 5, referer: http://localhost:8080/Coffee/
[Sun Jan 07 14:03:32 2018] [error] [client ::1] PHP Warning:  mysqli_query() expects parameter 1 to be mysqli, boolean given in D:\\Coffee_2018\\cf123\\USBWebserver v8.5\\8.5\\root\\Coffee\\item\\lay_danh_sach_hang_hoa.php on line 6, referer: http://localhost:8080/Coffee/
[Sun Jan 07 14:03:32 2018] [error] [client ::1] PHP Warning:  mysqli_error() expects parameter 1 to be mysqli, boolean given in D:\\Coffee_2018\\cf123\\USBWebserver v8.5\\8.5\\root\\Coffee\\item\\lay_danh_sach_hang_hoa.php on line 6, referer: http://localhost:8080/Coffee/
[Sun Jan 07 14:03:32 2018] [error] [client ::1] PHP Warning:  mysqli_connect() [<a href='function.mysqli-connect'>function.mysqli-connect</a>]: (42000/1049): Unknown database 'coffeebusiness2' in D:\\Coffee_2018\\cf123\\USBWebserver v8.5\\8.5\\root\\Coffee\\bill\\lay_danh_sach_hoa_don.php on line 4, referer: http://localhost:8080/Coffee/
[Sun Jan 07 14:03:32 2018] [error] [client ::1] PHP Warning:  mysqli_query() expects parameter 1 to be mysqli, boolean given in D:\\Coffee_2018\\cf123\\USBWebserver v8.5\\8.5\\root\\Coffee\\bill\\lay_danh_sach_hoa_don.php on line 5, referer: http://localhost:8080/Coffee/
[Sun Jan 07 14:03:32 2018] [error] [client ::1] PHP Warning:  mysqli_error() expects parameter 1 to be mysqli, boolean given in D:\\Coffee_2018\\cf123\\USBWebserver v8.5\\8.5\\root\\Coffee\\bill\\lay_danh_sach_hoa_don.php on line 5, referer: http://localhost:8080/Coffee/
[Sun Jan 07 14:03:45 2018] [error] [client ::1] PHP Warning:  mysqli_connect() [<a href='function.mysqli-connect'>function.mysqli-connect</a>]: (42000/1049): Unknown database 'coffeebusiness2' in D:\\Coffee_2018\\cf123\\USBWebserver v8.5\\8.5\\root\\Coffee\\item\\lay_danh_sach_hang_hoa.php on line 2, referer: http://localhost:8080/Coffee/
[Sun Jan 07 14:03:45 2018] [error] [client ::1] PHP Warning:  mysqli_query() expects parameter 1 to be mysqli, boolean given in D:\\Coffee_2018\\cf123\\USBWebserver v8.5\\8.5\\root\\Coffee\\item\\lay_danh_sach_hang_hoa.php on line 3, referer: http://localhost:8080/Coffee/
[Sun Jan 07 14:03:45 2018] [error] [client ::1] PHP Warning:  mysqli_query() expects parameter 1 to be mysqli, boolean given in D:\\Coffee_2018\\cf123\\USBWebserver v8.5\\8.5\\root\\Coffee\\item\\lay_danh_sach_hang_hoa.php on line 4, referer: http://localhost:8080/Coffee/
[Sun Jan 07 14:03:45 2018] [error] [client ::1] PHP Warning:  mysqli_query() expects parameter 1 to be mysqli, boolean given in D:\\Coffee_2018\\cf123\\USBWebserver v8.5\\8.5\\root\\Coffee\\item\\lay_danh_sach_hang_hoa.php on line 5, referer: http://localhost:8080/Coffee/
[Sun Jan 07 14:03:45 2018] [error] [client ::1] PHP Warning:  mysqli_query() expects parameter 1 to be mysqli, boolean given in D:\\Coffee_2018\\cf123\\USBWebserver v8.5\\8.5\\root\\Coffee\\item\\lay_danh_sach_hang_hoa.php on line 6, referer: http://localhost:8080/Coffee/
[Sun Jan 07 14:03:45 2018] [error] [client ::1] PHP Warning:  mysqli_error() expects parameter 1 to be mysqli, boolean given in D:\\Coffee_2018\\cf123\\USBWebserver v8.5\\8.5\\root\\Coffee\\item\\lay_danh_sach_hang_hoa.php on line 6, referer: http://localhost:8080/Coffee/
[Sun Jan 07 14:03:45 2018] [error] [client ::1] PHP Warning:  mysqli_connect() [<a href='function.mysqli-connect'>function.mysqli-connect</a>]: (42000/1049): Unknown database 'coffeebusiness2' in D:\\Coffee_2018\\cf123\\USBWebserver v8.5\\8.5\\root\\Coffee\\bill\\lay_danh_sach_hoa_don.php on line 4, referer: http://localhost:8080/Coffee/
[Sun Jan 07 14:03:45 2018] [error] [client ::1] PHP Warning:  mysqli_query() expects parameter 1 to be mysqli, boolean given in D:\\Coffee_2018\\cf123\\USBWebserver v8.5\\8.5\\root\\Coffee\\bill\\lay_danh_sach_hoa_don.php on line 5, referer: http://localhost:8080/Coffee/
[Sun Jan 07 14:03:45 2018] [error] [client ::1] PHP Warning:  mysqli_error() expects parameter 1 to be mysqli, boolean given in D:\\Coffee_2018\\cf123\\USBWebserver v8.5\\8.5\\root\\Coffee\\bill\\lay_danh_sach_hoa_don.php on line 5, referer: http://localhost:8080/Coffee/
[Sun Jan 07 14:10:00 2018] [error] [client ::1] PHP Warning:  mysqli_connect() [<a href='function.mysqli-connect'>function.mysqli-connect</a>]: (42000/1049): Unknown database 'coffeebusiness2' in D:\\Coffee_2018\\cf123\\USBWebserver v8.5\\8.5\\root\\Coffee\\item\\lay_danh_sach_hang_hoa.php on line 2, referer: http://localhost:8080/Coffee/
[Sun Jan 07 14:10:00 2018] [error] [client ::1] PHP Warning:  mysqli_query() expects parameter 1 to be mysqli, boolean given in D:\\Coffee_2018\\cf123\\USBWebserver v8.5\\8.5\\root\\Coffee\\item\\lay_danh_sach_hang_hoa.php on line 3, referer: http://localhost:8080/Coffee/
[Sun Jan 07 14:10:00 2018] [error] [client ::1] PHP Warning:  mysqli_query() expects parameter 1 to be mysqli, boolean given in D:\\Coffee_2018\\cf123\\USBWebserver v8.5\\8.5\\root\\Coffee\\item\\lay_danh_sach_hang_hoa.php on line 4, referer: http://localhost:8080/Coffee/
[Sun Jan 07 14:10:00 2018] [error] [client ::1] PHP Warning:  mysqli_query() expects parameter 1 to be mysqli, boolean given in D:\\Coffee_2018\\cf123\\USBWebserver v8.5\\8.5\\root\\Coffee\\item\\lay_danh_sach_hang_hoa.php on line 5, referer: http://localhost:8080/Coffee/
[Sun Jan 07 14:10:00 2018] [error] [client ::1] PHP Warning:  mysqli_query() expects parameter 1 to be mysqli, boolean given in D:\\Coffee_2018\\cf123\\USBWebserver v8.5\\8.5\\root\\Coffee\\item\\lay_danh_sach_hang_hoa.php on line 6, referer: http://localhost:8080/Coffee/
[Sun Jan 07 14:10:00 2018] [error] [client ::1] PHP Warning:  mysqli_error() expects parameter 1 to be mysqli, boolean given in D:\\Coffee_2018\\cf123\\USBWebserver v8.5\\8.5\\root\\Coffee\\item\\lay_danh_sach_hang_hoa.php on line 6, referer: http://localhost:8080/Coffee/
[Sun Jan 07 14:10:00 2018] [error] [client ::1] PHP Warning:  mysqli_connect() [<a href='function.mysqli-connect'>function.mysqli-connect</a>]: (42000/1049): Unknown database 'coffeebusiness2' in D:\\Coffee_2018\\cf123\\USBWebserver v8.5\\8.5\\root\\Coffee\\bill\\lay_danh_sach_hoa_don.php on line 4, referer: http://localhost:8080/Coffee/
[Sun Jan 07 14:10:00 2018] [error] [client ::1] PHP Warning:  mysqli_query() expects parameter 1 to be mysqli, boolean given in D:\\Coffee_2018\\cf123\\USBWebserver v8.5\\8.5\\root\\Coffee\\bill\\lay_danh_sach_hoa_don.php on line 5, referer: http://localhost:8080/Coffee/
[Sun Jan 07 14:10:00 2018] [error] [client ::1] PHP Warning:  mysqli_error() expects parameter 1 to be mysqli, boolean given in D:\\Coffee_2018\\cf123\\USBWebserver v8.5\\8.5\\root\\Coffee\\bill\\lay_danh_sach_hoa_don.php on line 5, referer: http://localhost:8080/Coffee/
